[0.820s] Invoking command in '/home/darkknight/ros2_ws/src/my_1_pkg': DEBUGINFOD_URLS=https://debuginfod.ubuntu.com PYTHONPATH=/home/darkknight/ros2_ws/build/my_1_pkg/prefix_override:/usr/lib/python3/dist-packages/colcon_core/task/python/colcon_distutils_commands:/home/darkknight/ros2_ws/install/my_1_pkg/lib/python3.12/site-packages:${PYTHONPATH} /usr/bin/python3 -W ignore:setup.py install is deprecated -W ignore:easy_install command is deprecated setup.py egg_info --egg-base ../../build/my_1_pkg build --build-base /home/darkknight/ros2_ws/build/my_1_pkg/build install --record /home/darkknight/ros2_ws/build/my_1_pkg/install.log --single-version-externally-managed install_data
[0.998s] running egg_info
[1.008s] writing ../../build/my_1_pkg/my_1_pkg.egg-info/PKG-INFO
[1.008s] writing dependency_links to ../../build/my_1_pkg/my_1_pkg.egg-info/dependency_links.txt
[1.009s] writing entry points to ../../build/my_1_pkg/my_1_pkg.egg-info/entry_points.txt
[1.010s] writing requirements to ../../build/my_1_pkg/my_1_pkg.egg-info/requires.txt
[1.010s] writing top-level names to ../../build/my_1_pkg/my_1_pkg.egg-info/top_level.txt
[1.033s] reading manifest file '../../build/my_1_pkg/my_1_pkg.egg-info/SOURCES.txt'
[1.035s] writing manifest file '../../build/my_1_pkg/my_1_pkg.egg-info/SOURCES.txt'
[1.036s] running build
[1.036s] running build_py
[1.036s] copying my_1_pkg/robot_receiver.py -> /home/darkknight/ros2_ws/build/my_1_pkg/build/lib/my_1_pkg
[1.036s] running install
[1.042s] running install_lib
[1.056s] copying /home/darkknight/ros2_ws/build/my_1_pkg/build/lib/my_1_pkg/robot_receiver.py -> /home/darkknight/ros2_ws/install/my_1_pkg/lib/python3.12/site-packages/my_1_pkg
[1.057s] byte-compiling /home/darkknight/ros2_ws/install/my_1_pkg/lib/python3.12/site-packages/my_1_pkg/robot_receiver.py to robot_receiver.cpython-312.pyc
[1.058s] running install_data
[1.058s] running install_egg_info
[1.072s] removing '/home/darkknight/ros2_ws/install/my_1_pkg/lib/python3.12/site-packages/my_1_pkg-0.0.0-py3.12.egg-info' (and everything under it)
[1.072s] Copying ../../build/my_1_pkg/my_1_pkg.egg-info to /home/darkknight/ros2_ws/install/my_1_pkg/lib/python3.12/site-packages/my_1_pkg-0.0.0-py3.12.egg-info
[1.073s] running install_scripts
[1.158s] Installing bot_receiver script to /home/darkknight/ros2_ws/install/my_1_pkg/lib/my_1_pkg
[1.158s] Installing bot_transmitter script to /home/darkknight/ros2_ws/install/my_1_pkg/lib/my_1_pkg
[1.159s] Installing my_node script to /home/darkknight/ros2_ws/install/my_1_pkg/lib/my_1_pkg
[1.159s] writing list of installed files to '/home/darkknight/ros2_ws/build/my_1_pkg/install.log'
[1.183s] Invoked command in '/home/darkknight/ros2_ws/src/my_1_pkg' returned '0': DEBUGINFOD_URLS=https://debuginfod.ubuntu.com PYTHONPATH=/home/darkknight/ros2_ws/build/my_1_pkg/prefix_override:/usr/lib/python3/dist-packages/colcon_core/task/python/colcon_distutils_commands:/home/darkknight/ros2_ws/install/my_1_pkg/lib/python3.12/site-packages:${PYTHONPATH} /usr/bin/python3 -W ignore:setup.py install is deprecated -W ignore:easy_install command is deprecated setup.py egg_info --egg-base ../../build/my_1_pkg build --build-base /home/darkknight/ros2_ws/build/my_1_pkg/build install --record /home/darkknight/ros2_ws/build/my_1_pkg/install.log --single-version-externally-managed install_data
