[0.585s] Invoking command in '/home/darkknight/ros2_ws/src/my_1_pkg': DEBUGINFOD_URLS=https://debuginfod.ubuntu.com PYTHONPATH=/home/darkknight/ros2_ws/build/my_1_pkg/prefix_override:/usr/lib/python3/dist-packages/colcon_core/task/python/colcon_distutils_commands:/home/darkknight/ros2_ws/install/my_1_pkg/lib/python3.12/site-packages:${PYTHONPATH} /usr/bin/python3 -W ignore:setup.py install is deprecated -W ignore:easy_install command is deprecated setup.py egg_info --egg-base ../../build/my_1_pkg build --build-base /home/darkknight/ros2_ws/build/my_1_pkg/build install --record /home/darkknight/ros2_ws/build/my_1_pkg/install.log --single-version-externally-managed install_data
[0.753s] running egg_info
[0.770s] writing ../../build/my_1_pkg/my_1_pkg.egg-info/PKG-INFO
[0.770s] writing dependency_links to ../../build/my_1_pkg/my_1_pkg.egg-info/dependency_links.txt
[0.770s] writing entry points to ../../build/my_1_pkg/my_1_pkg.egg-info/entry_points.txt
[0.770s] writing requirements to ../../build/my_1_pkg/my_1_pkg.egg-info/requires.txt
[0.771s] writing top-level names to ../../build/my_1_pkg/my_1_pkg.egg-info/top_level.txt
[0.792s] reading manifest file '../../build/my_1_pkg/my_1_pkg.egg-info/SOURCES.txt'
[0.793s] writing manifest file '../../build/my_1_pkg/my_1_pkg.egg-info/SOURCES.txt'
[0.794s] running build
[0.794s] running build_py
[0.794s] copying my_1_pkg/robot_news_station.py -> /home/darkknight/ros2_ws/build/my_1_pkg/build/lib/my_1_pkg
[0.794s] running install
[0.799s] running install_lib
[0.811s] copying /home/darkknight/ros2_ws/build/my_1_pkg/build/lib/my_1_pkg/robot_news_station.py -> /home/darkknight/ros2_ws/install/my_1_pkg/lib/python3.12/site-packages/my_1_pkg
[0.812s] byte-compiling /home/darkknight/ros2_ws/install/my_1_pkg/lib/python3.12/site-packages/my_1_pkg/robot_news_station.py to robot_news_station.cpython-312.pyc
[0.813s] running install_data
[0.813s] running install_egg_info
[0.825s] removing '/home/darkknight/ros2_ws/install/my_1_pkg/lib/python3.12/site-packages/my_1_pkg-0.0.0-py3.12.egg-info' (and everything under it)
[0.826s] Copying ../../build/my_1_pkg/my_1_pkg.egg-info to /home/darkknight/ros2_ws/install/my_1_pkg/lib/python3.12/site-packages/my_1_pkg-0.0.0-py3.12.egg-info
[0.827s] running install_scripts
[0.916s] Installing bot_transmitter script to /home/darkknight/ros2_ws/install/my_1_pkg/lib/my_1_pkg
[0.917s] Installing my_node script to /home/darkknight/ros2_ws/install/my_1_pkg/lib/my_1_pkg
[0.917s] writing list of installed files to '/home/darkknight/ros2_ws/build/my_1_pkg/install.log'
[0.939s] Invoked command in '/home/darkknight/ros2_ws/src/my_1_pkg' returned '0': DEBUGINFOD_URLS=https://debuginfod.ubuntu.com PYTHONPATH=/home/darkknight/ros2_ws/build/my_1_pkg/prefix_override:/usr/lib/python3/dist-packages/colcon_core/task/python/colcon_distutils_commands:/home/darkknight/ros2_ws/install/my_1_pkg/lib/python3.12/site-packages:${PYTHONPATH} /usr/bin/python3 -W ignore:setup.py install is deprecated -W ignore:easy_install command is deprecated setup.py egg_info --egg-base ../../build/my_1_pkg build --build-base /home/darkknight/ros2_ws/build/my_1_pkg/build install --record /home/darkknight/ros2_ws/build/my_1_pkg/install.log --single-version-externally-managed install_data
