running egg_info
creating ../../build/my_1_pkg/my_1_pkg.egg-info
writing ../../build/my_1_pkg/my_1_pkg.egg-info/PKG-INFO
writing dependency_links to ../../build/my_1_pkg/my_1_pkg.egg-info/dependency_links.txt
writing entry points to ../../build/my_1_pkg/my_1_pkg.egg-info/entry_points.txt
writing requirements to ../../build/my_1_pkg/my_1_pkg.egg-info/requires.txt
writing top-level names to ../../build/my_1_pkg/my_1_pkg.egg-info/top_level.txt
writing manifest file '../../build/my_1_pkg/my_1_pkg.egg-info/SOURCES.txt'
reading manifest file '../../build/my_1_pkg/my_1_pkg.egg-info/SOURCES.txt'
writing manifest file '../../build/my_1_pkg/my_1_pkg.egg-info/SOURCES.txt'
running build
running build_py
creating /home/darkknight/ros2_ws/build/my_1_pkg/build
creating /home/darkknight/ros2_ws/build/my_1_pkg/build/lib
creating /home/darkknight/ros2_ws/build/my_1_pkg/build/lib/my_1_pkg
copying my_1_pkg/__init__.py -> /home/darkknight/ros2_ws/build/my_1_pkg/build/lib/my_1_pkg
copying my_1_pkg/my_first_node.py -> /home/darkknight/ros2_ws/build/my_1_pkg/build/lib/my_1_pkg
copying my_1_pkg/robot_news_station.py -> /home/darkknight/ros2_ws/build/my_1_pkg/build/lib/my_1_pkg
running install
running install_lib
creating /home/darkknight/ros2_ws/install/my_1_pkg/lib/python3.12/site-packages/my_1_pkg
copying /home/darkknight/ros2_ws/build/my_1_pkg/build/lib/my_1_pkg/__init__.py -> /home/darkknight/ros2_ws/install/my_1_pkg/lib/python3.12/site-packages/my_1_pkg
copying /home/darkknight/ros2_ws/build/my_1_pkg/build/lib/my_1_pkg/my_first_node.py -> /home/darkknight/ros2_ws/install/my_1_pkg/lib/python3.12/site-packages/my_1_pkg
copying /home/darkknight/ros2_ws/build/my_1_pkg/build/lib/my_1_pkg/robot_news_station.py -> /home/darkknight/ros2_ws/install/my_1_pkg/lib/python3.12/site-packages/my_1_pkg
byte-compiling /home/darkknight/ros2_ws/install/my_1_pkg/lib/python3.12/site-packages/my_1_pkg/__init__.py to __init__.cpython-312.pyc
byte-compiling /home/darkknight/ros2_ws/install/my_1_pkg/lib/python3.12/site-packages/my_1_pkg/my_first_node.py to my_first_node.cpython-312.pyc
byte-compiling /home/darkknight/ros2_ws/install/my_1_pkg/lib/python3.12/site-packages/my_1_pkg/robot_news_station.py to robot_news_station.cpython-312.pyc
running install_data
creating /home/darkknight/ros2_ws/install/my_1_pkg/share/ament_index
creating /home/darkknight/ros2_ws/install/my_1_pkg/share/ament_index/resource_index
creating /home/darkknight/ros2_ws/install/my_1_pkg/share/ament_index/resource_index/packages
copying resource/my_1_pkg -> /home/darkknight/ros2_ws/install/my_1_pkg/share/ament_index/resource_index/packages
copying package.xml -> /home/darkknight/ros2_ws/install/my_1_pkg/share/my_1_pkg
running install_egg_info
Copying ../../build/my_1_pkg/my_1_pkg.egg-info to /home/darkknight/ros2_ws/install/my_1_pkg/lib/python3.12/site-packages/my_1_pkg-0.0.0-py3.12.egg-info
running install_scripts
Installing bot_transmitter script to /home/darkknight/ros2_ws/install/my_1_pkg/lib/my_1_pkg
Installing my_node script to /home/darkknight/ros2_ws/install/my_1_pkg/lib/my_1_pkg
writing list of installed files to '/home/darkknight/ros2_ws/build/my_1_pkg/install.log'
