[0.705s] Invoking command in '/home/darkknight/ros2_ws/src/my_1_pkg': DEBUGINFOD_URLS=https://debuginfod.ubuntu.com PYTHONPATH=/home/darkknight/ros2_ws/build/my_1_pkg/prefix_override:/usr/lib/python3/dist-packages/colcon_core/task/python/colcon_distutils_commands:/home/darkknight/ros2_ws/install/my_1_pkg/lib/python3.12/site-packages:${PYTHONPATH} /usr/bin/python3 -W ignore:setup.py install is deprecated -W ignore:easy_install command is deprecated setup.py egg_info --egg-base ../../build/my_1_pkg build --build-base /home/darkknight/ros2_ws/build/my_1_pkg/build install --record /home/darkknight/ros2_ws/build/my_1_pkg/install.log --single-version-externally-managed install_data
[0.944s] running egg_info
[0.945s] creating ../../build/my_1_pkg/my_1_pkg.egg-info
[0.959s] writing ../../build/my_1_pkg/my_1_pkg.egg-info/PKG-INFO
[0.960s] writing dependency_links to ../../build/my_1_pkg/my_1_pkg.egg-info/dependency_links.txt
[0.960s] writing entry points to ../../build/my_1_pkg/my_1_pkg.egg-info/entry_points.txt
[0.960s] writing requirements to ../../build/my_1_pkg/my_1_pkg.egg-info/requires.txt
[0.960s] writing top-level names to ../../build/my_1_pkg/my_1_pkg.egg-info/top_level.txt
[0.960s] writing manifest file '../../build/my_1_pkg/my_1_pkg.egg-info/SOURCES.txt'
[0.987s] reading manifest file '../../build/my_1_pkg/my_1_pkg.egg-info/SOURCES.txt'
[0.988s] writing manifest file '../../build/my_1_pkg/my_1_pkg.egg-info/SOURCES.txt'
[0.988s] running build
[0.988s] running build_py
[0.988s] creating /home/darkknight/ros2_ws/build/my_1_pkg/build
[0.989s] creating /home/darkknight/ros2_ws/build/my_1_pkg/build/lib
[0.989s] creating /home/darkknight/ros2_ws/build/my_1_pkg/build/lib/my_1_pkg
[0.989s] copying my_1_pkg/__init__.py -> /home/darkknight/ros2_ws/build/my_1_pkg/build/lib/my_1_pkg
[0.989s] copying my_1_pkg/my_first_node.py -> /home/darkknight/ros2_ws/build/my_1_pkg/build/lib/my_1_pkg
[0.989s] copying my_1_pkg/robot_news_station.py -> /home/darkknight/ros2_ws/build/my_1_pkg/build/lib/my_1_pkg
[0.989s] running install
[0.994s] running install_lib
[1.010s] creating /home/darkknight/ros2_ws/install/my_1_pkg/lib/python3.12/site-packages/my_1_pkg
[1.011s] copying /home/darkknight/ros2_ws/build/my_1_pkg/build/lib/my_1_pkg/__init__.py -> /home/darkknight/ros2_ws/install/my_1_pkg/lib/python3.12/site-packages/my_1_pkg
[1.011s] copying /home/darkknight/ros2_ws/build/my_1_pkg/build/lib/my_1_pkg/my_first_node.py -> /home/darkknight/ros2_ws/install/my_1_pkg/lib/python3.12/site-packages/my_1_pkg
[1.011s] copying /home/darkknight/ros2_ws/build/my_1_pkg/build/lib/my_1_pkg/robot_news_station.py -> /home/darkknight/ros2_ws/install/my_1_pkg/lib/python3.12/site-packages/my_1_pkg
[1.011s] byte-compiling /home/darkknight/ros2_ws/install/my_1_pkg/lib/python3.12/site-packages/my_1_pkg/__init__.py to __init__.cpython-312.pyc
[1.012s] byte-compiling /home/darkknight/ros2_ws/install/my_1_pkg/lib/python3.12/site-packages/my_1_pkg/my_first_node.py to my_first_node.cpython-312.pyc
[1.012s] byte-compiling /home/darkknight/ros2_ws/install/my_1_pkg/lib/python3.12/site-packages/my_1_pkg/robot_news_station.py to robot_news_station.cpython-312.pyc
[1.013s] running install_data
[1.013s] creating /home/darkknight/ros2_ws/install/my_1_pkg/share/ament_index
[1.013s] creating /home/darkknight/ros2_ws/install/my_1_pkg/share/ament_index/resource_index
[1.013s] creating /home/darkknight/ros2_ws/install/my_1_pkg/share/ament_index/resource_index/packages
[1.013s] copying resource/my_1_pkg -> /home/darkknight/ros2_ws/install/my_1_pkg/share/ament_index/resource_index/packages
[1.013s] copying package.xml -> /home/darkknight/ros2_ws/install/my_1_pkg/share/my_1_pkg
[1.013s] running install_egg_info
[1.031s] Copying ../../build/my_1_pkg/my_1_pkg.egg-info to /home/darkknight/ros2_ws/install/my_1_pkg/lib/python3.12/site-packages/my_1_pkg-0.0.0-py3.12.egg-info
[1.032s] running install_scripts
[1.135s] Installing bot_transmitter script to /home/darkknight/ros2_ws/install/my_1_pkg/lib/my_1_pkg
[1.135s] Installing my_node script to /home/darkknight/ros2_ws/install/my_1_pkg/lib/my_1_pkg
[1.135s] writing list of installed files to '/home/darkknight/ros2_ws/build/my_1_pkg/install.log'
[1.182s] Invoked command in '/home/darkknight/ros2_ws/src/my_1_pkg' returned '0': DEBUGINFOD_URLS=https://debuginfod.ubuntu.com PYTHONPATH=/home/darkknight/ros2_ws/build/my_1_pkg/prefix_override:/usr/lib/python3/dist-packages/colcon_core/task/python/colcon_distutils_commands:/home/darkknight/ros2_ws/install/my_1_pkg/lib/python3.12/site-packages:${PYTHONPATH} /usr/bin/python3 -W ignore:setup.py install is deprecated -W ignore:easy_install command is deprecated setup.py egg_info --egg-base ../../build/my_1_pkg build --build-base /home/darkknight/ros2_ws/build/my_1_pkg/build install --record /home/darkknight/ros2_ws/build/my_1_pkg/install.log --single-version-externally-managed install_data
