[0.084s] DEBUG:colcon:Command line arguments: ['/usr/bin/colcon', 'build']
[0.084s] DEBUG:colcon:Parsed command line arguments: Namespace(log_base=None, log_level=None, verb_name='build', build_base='build', install_base='install', merge_install=False, symlink_install=False, test_result_base=None, continue_on_error=False, executor='parallel', parallel_workers=6, event_handlers=None, ignore_user_meta=False, metas=['./colcon.meta'], base_paths=['.'], packages_ignore=None, packages_ignore_regex=None, paths=None, packages_up_to=None, packages_up_to_regex=None, packages_above=None, packages_above_and_dependencies=None, packages_above_depth=None, packages_select_by_dep=None, packages_skip_by_dep=None, packages_skip_up_to=None, packages_select_build_failed=False, packages_skip_build_finished=False, packages_select_test_failures=False, packages_skip_test_passed=False, packages_select=None, packages_skip=None, packages_select_regex=None, packages_skip_regex=None, packages_start=None, packages_end=None, allow_overriding=[], cmake_args=None, cmake_target=None, cmake_target_skip_unavailable=False, cmake_clean_cache=False, cmake_clean_first=False, cmake_force_configure=False, ament_cmake_args=None, catkin_cmake_args=None, catkin_skip_building_tests=False, mixin_files=None, mixin=None, verb_parser=<colcon_mixin.mixin.mixin_argument.MixinArgumentDecorator object at 0x749f8d47c0b0>, verb_extension=<colcon_core.verb.build.BuildVerb object at 0x749f8d457b00>, main=<bound method BuildVerb.main of <colcon_core.verb.build.BuildVerb object at 0x749f8d457b00>>, mixin_verb=('build',))
[0.138s] Level 1:colcon.colcon_core.package_discovery:discover_packages(colcon_meta) check parameters
[0.138s] Level 1:colcon.colcon_core.package_discovery:discover_packages(recursive) check parameters
[0.138s] Level 1:colcon.colcon_core.package_discovery:discover_packages(ignore) check parameters
[0.138s] Level 1:colcon.colcon_core.package_discovery:discover_packages(path) check parameters
[0.138s] Level 1:colcon.colcon_core.package_discovery:discover_packages(colcon_meta) discover
[0.138s] Level 1:colcon.colcon_core.package_discovery:discover_packages(recursive) discover
[0.138s] INFO:colcon.colcon_core.package_discovery:Crawling recursively for packages in '/home/darkknight/ros2_ws'
[0.138s] Level 1:colcon.colcon_core.package_identification:_identify(.) by extensions ['ignore', 'ignore_ament_install']
[0.138s] Level 1:colcon.colcon_core.package_identification:_identify(.) by extension 'ignore'
[0.138s] Level 1:colcon.colcon_core.package_identification:_identify(.) by extension 'ignore_ament_install'
[0.138s] Level 1:colcon.colcon_core.package_identification:_identify(.) by extensions ['colcon_pkg']
[0.138s] Level 1:colcon.colcon_core.package_identification:_identify(.) by extension 'colcon_pkg'
[0.138s] Level 1:colcon.colcon_core.package_identification:_identify(.) by extensions ['colcon_meta']
[0.138s] Level 1:colcon.colcon_core.package_identification:_identify(.) by extension 'colcon_meta'
[0.138s] Level 1:colcon.colcon_core.package_identification:_identify(.) by extensions ['ros']
[0.138s] Level 1:colcon.colcon_core.package_identification:_identify(.) by extension 'ros'
[0.174s] Level 1:colcon.colcon_core.package_identification:_identify(.) by extensions ['cmake', 'python']
[0.174s] Level 1:colcon.colcon_core.package_identification:_identify(.) by extension 'cmake'
[0.174s] Level 1:colcon.colcon_core.package_identification:_identify(.) by extension 'python'
[0.174s] Level 1:colcon.colcon_core.package_identification:_identify(.) by extensions ['python_setup_py']
[0.174s] Level 1:colcon.colcon_core.package_identification:_identify(.) by extension 'python_setup_py'
[0.174s] Level 1:colcon.colcon_core.package_identification:_identify(build) by extensions ['ignore', 'ignore_ament_install']
[0.174s] Level 1:colcon.colcon_core.package_identification:_identify(build) by extension 'ignore'
[0.174s] Level 1:colcon.colcon_core.package_identification:_identify(build) ignored
[0.174s] Level 1:colcon.colcon_core.package_identification:_identify(install) by extensions ['ignore', 'ignore_ament_install']
[0.174s] Level 1:colcon.colcon_core.package_identification:_identify(install) by extension 'ignore'
[0.174s] Level 1:colcon.colcon_core.package_identification:_identify(install) ignored
[0.175s] Level 1:colcon.colcon_core.package_identification:_identify(log) by extensions ['ignore', 'ignore_ament_install']
[0.175s] Level 1:colcon.colcon_core.package_identification:_identify(log) by extension 'ignore'
[0.175s] Level 1:colcon.colcon_core.package_identification:_identify(log) ignored
[0.175s] Level 1:colcon.colcon_core.package_identification:_identify(src) by extensions ['ignore', 'ignore_ament_install']
[0.175s] Level 1:colcon.colcon_core.package_identification:_identify(src) by extension 'ignore'
[0.175s] Level 1:colcon.colcon_core.package_identification:_identify(src) by extension 'ignore_ament_install'
[0.175s] Level 1:colcon.colcon_core.package_identification:_identify(src) by extensions ['colcon_pkg']
[0.175s] Level 1:colcon.colcon_core.package_identification:_identify(src) by extension 'colcon_pkg'
[0.175s] Level 1:colcon.colcon_core.package_identification:_identify(src) by extensions ['colcon_meta']
[0.175s] Level 1:colcon.colcon_core.package_identification:_identify(src) by extension 'colcon_meta'
[0.175s] Level 1:colcon.colcon_core.package_identification:_identify(src) by extensions ['ros']
[0.175s] Level 1:colcon.colcon_core.package_identification:_identify(src) by extension 'ros'
[0.175s] Level 1:colcon.colcon_core.package_identification:_identify(src) by extensions ['cmake', 'python']
[0.175s] Level 1:colcon.colcon_core.package_identification:_identify(src) by extension 'cmake'
[0.175s] Level 1:colcon.colcon_core.package_identification:_identify(src) by extension 'python'
[0.175s] Level 1:colcon.colcon_core.package_identification:_identify(src) by extensions ['python_setup_py']
[0.175s] Level 1:colcon.colcon_core.package_identification:_identify(src) by extension 'python_setup_py'
[0.175s] Level 1:colcon.colcon_core.package_identification:_identify(src/build) by extensions ['ignore', 'ignore_ament_install']
[0.175s] Level 1:colcon.colcon_core.package_identification:_identify(src/build) by extension 'ignore'
[0.175s] Level 1:colcon.colcon_core.package_identification:_identify(src/build) ignored
[0.175s] Level 1:colcon.colcon_core.package_identification:_identify(src/install) by extensions ['ignore', 'ignore_ament_install']
[0.175s] Level 1:colcon.colcon_core.package_identification:_identify(src/install) by extension 'ignore'
[0.175s] Level 1:colcon.colcon_core.package_identification:_identify(src/install) ignored
[0.175s] Level 1:colcon.colcon_core.package_identification:_identify(src/log) by extensions ['ignore', 'ignore_ament_install']
[0.175s] Level 1:colcon.colcon_core.package_identification:_identify(src/log) by extension 'ignore'
[0.175s] Level 1:colcon.colcon_core.package_identification:_identify(src/log) ignored
[0.175s] Level 1:colcon.colcon_core.package_identification:_identify(src/my_1_pkg) by extensions ['ignore', 'ignore_ament_install']
[0.175s] Level 1:colcon.colcon_core.package_identification:_identify(src/my_1_pkg) by extension 'ignore'
[0.175s] Level 1:colcon.colcon_core.package_identification:_identify(src/my_1_pkg) by extension 'ignore_ament_install'
[0.176s] Level 1:colcon.colcon_core.package_identification:_identify(src/my_1_pkg) by extensions ['colcon_pkg']
[0.176s] Level 1:colcon.colcon_core.package_identification:_identify(src/my_1_pkg) by extension 'colcon_pkg'
[0.176s] Level 1:colcon.colcon_core.package_identification:_identify(src/my_1_pkg) by extensions ['colcon_meta']
[0.176s] Level 1:colcon.colcon_core.package_identification:_identify(src/my_1_pkg) by extension 'colcon_meta'
[0.176s] Level 1:colcon.colcon_core.package_identification:_identify(src/my_1_pkg) by extensions ['ros']
[0.176s] Level 1:colcon.colcon_core.package_identification:_identify(src/my_1_pkg) by extension 'ros'
[0.180s] DEBUG:colcon.colcon_core.package_identification:Package 'src/my_1_pkg' with type 'ros.ament_python' and name 'my_1_pkg'
[0.180s] Level 1:colcon.colcon_core.package_identification:_identify(src/my_2_pkgcpp) by extensions ['ignore', 'ignore_ament_install']
[0.180s] Level 1:colcon.colcon_core.package_identification:_identify(src/my_2_pkgcpp) by extension 'ignore'
[0.180s] Level 1:colcon.colcon_core.package_identification:_identify(src/my_2_pkgcpp) by extension 'ignore_ament_install'
[0.180s] Level 1:colcon.colcon_core.package_identification:_identify(src/my_2_pkgcpp) by extensions ['colcon_pkg']
[0.180s] Level 1:colcon.colcon_core.package_identification:_identify(src/my_2_pkgcpp) by extension 'colcon_pkg'
[0.180s] Level 1:colcon.colcon_core.package_identification:_identify(src/my_2_pkgcpp) by extensions ['colcon_meta']
[0.180s] Level 1:colcon.colcon_core.package_identification:_identify(src/my_2_pkgcpp) by extension 'colcon_meta'
[0.180s] Level 1:colcon.colcon_core.package_identification:_identify(src/my_2_pkgcpp) by extensions ['ros']
[0.180s] Level 1:colcon.colcon_core.package_identification:_identify(src/my_2_pkgcpp) by extension 'ros'
[0.181s] DEBUG:colcon.colcon_core.package_identification:Package 'src/my_2_pkgcpp' with type 'ros.ament_cmake' and name 'my_2_pkgcpp'
[0.181s] Level 1:colcon.colcon_core.package_discovery:discover_packages(recursive) using defaults
[0.181s] Level 1:colcon.colcon_core.package_discovery:discover_packages(ignore) discover
[0.181s] Level 1:colcon.colcon_core.package_discovery:discover_packages(ignore) using defaults
[0.181s] Level 1:colcon.colcon_core.package_discovery:discover_packages(path) discover
[0.181s] Level 1:colcon.colcon_core.package_discovery:discover_packages(path) using defaults
[0.214s] Level 1:colcon.colcon_core.package_discovery:discover_packages(prefix_path) check parameters
[0.214s] Level 1:colcon.colcon_core.package_discovery:discover_packages(prefix_path) discover
[0.215s] WARNING:colcon.colcon_ros.prefix_path.ament:The path '/home/darkknight/ros2_ws/install/my_2_pkgcpp' in the environment variable AMENT_PREFIX_PATH doesn't exist
[0.215s] WARNING:colcon.colcon_ros.prefix_path.catkin:The path '/home/darkknight/ros2_ws/install/my_2_pkgcpp' in the environment variable CMAKE_PREFIX_PATH doesn't exist
[0.216s] DEBUG:colcon.colcon_installed_package_information.package_discovery:Found 2 installed packages in /home/darkknight/ros2_ws/src/install
[0.216s] DEBUG:colcon.colcon_installed_package_information.package_discovery:Found 0 installed packages in /home/darkknight/ros2_ws/install
[0.217s] DEBUG:colcon.colcon_installed_package_information.package_discovery:Found 285 installed packages in /opt/ros/jazzy
[0.219s] Level 1:colcon.colcon_core.package_discovery:discover_packages(prefix_path) using defaults
[0.262s] Level 5:colcon.colcon_core.verb:set package 'my_1_pkg' build argument 'cmake_args' from command line to 'None'
[0.262s] Level 5:colcon.colcon_core.verb:set package 'my_1_pkg' build argument 'cmake_target' from command line to 'None'
[0.262s] Level 5:colcon.colcon_core.verb:set package 'my_1_pkg' build argument 'cmake_target_skip_unavailable' from command line to 'False'
[0.262s] Level 5:colcon.colcon_core.verb:set package 'my_1_pkg' build argument 'cmake_clean_cache' from command line to 'False'
[0.262s] Level 5:colcon.colcon_core.verb:set package 'my_1_pkg' build argument 'cmake_clean_first' from command line to 'False'
[0.262s] Level 5:colcon.colcon_core.verb:set package 'my_1_pkg' build argument 'cmake_force_configure' from command line to 'False'
[0.262s] Level 5:colcon.colcon_core.verb:set package 'my_1_pkg' build argument 'ament_cmake_args' from command line to 'None'
[0.262s] Level 5:colcon.colcon_core.verb:set package 'my_1_pkg' build argument 'catkin_cmake_args' from command line to 'None'
[0.262s] Level 5:colcon.colcon_core.verb:set package 'my_1_pkg' build argument 'catkin_skip_building_tests' from command line to 'False'
[0.262s] DEBUG:colcon.colcon_core.verb:Building package 'my_1_pkg' with the following arguments: {'ament_cmake_args': None, 'build_base': '/home/darkknight/ros2_ws/build/my_1_pkg', 'catkin_cmake_args': None, 'catkin_skip_building_tests': False, 'cmake_args': None, 'cmake_clean_cache': False, 'cmake_clean_first': False, 'cmake_force_configure': False, 'cmake_target': None, 'cmake_target_skip_unavailable': False, 'install_base': '/home/darkknight/ros2_ws/install/my_1_pkg', 'merge_install': False, 'path': '/home/darkknight/ros2_ws/src/my_1_pkg', 'symlink_install': False, 'test_result_base': None}
[0.262s] Level 5:colcon.colcon_core.verb:set package 'my_2_pkgcpp' build argument 'cmake_args' from command line to 'None'
[0.262s] Level 5:colcon.colcon_core.verb:set package 'my_2_pkgcpp' build argument 'cmake_target' from command line to 'None'
[0.262s] Level 5:colcon.colcon_core.verb:set package 'my_2_pkgcpp' build argument 'cmake_target_skip_unavailable' from command line to 'False'
[0.262s] Level 5:colcon.colcon_core.verb:set package 'my_2_pkgcpp' build argument 'cmake_clean_cache' from command line to 'False'
[0.262s] Level 5:colcon.colcon_core.verb:set package 'my_2_pkgcpp' build argument 'cmake_clean_first' from command line to 'False'
[0.262s] Level 5:colcon.colcon_core.verb:set package 'my_2_pkgcpp' build argument 'cmake_force_configure' from command line to 'False'
[0.262s] Level 5:colcon.colcon_core.verb:set package 'my_2_pkgcpp' build argument 'ament_cmake_args' from command line to 'None'
[0.262s] Level 5:colcon.colcon_core.verb:set package 'my_2_pkgcpp' build argument 'catkin_cmake_args' from command line to 'None'
[0.262s] Level 5:colcon.colcon_core.verb:set package 'my_2_pkgcpp' build argument 'catkin_skip_building_tests' from command line to 'False'
[0.262s] DEBUG:colcon.colcon_core.verb:Building package 'my_2_pkgcpp' with the following arguments: {'ament_cmake_args': None, 'build_base': '/home/darkknight/ros2_ws/build/my_2_pkgcpp', 'catkin_cmake_args': None, 'catkin_skip_building_tests': False, 'cmake_args': None, 'cmake_clean_cache': False, 'cmake_clean_first': False, 'cmake_force_configure': False, 'cmake_target': None, 'cmake_target_skip_unavailable': False, 'install_base': '/home/darkknight/ros2_ws/install/my_2_pkgcpp', 'merge_install': False, 'path': '/home/darkknight/ros2_ws/src/my_2_pkgcpp', 'symlink_install': False, 'test_result_base': None}
[0.262s] INFO:colcon.colcon_core.executor:Executing jobs using 'parallel' executor
[0.264s] DEBUG:colcon.colcon_parallel_executor.executor.parallel:run_until_complete
[0.264s] INFO:colcon.colcon_ros.task.ament_python.build:Building ROS package in '/home/darkknight/ros2_ws/src/my_1_pkg' with build type 'ament_python'
[0.264s] Level 1:colcon.colcon_core.shell:create_environment_hook('my_1_pkg', 'ament_prefix_path')
[0.269s] INFO:colcon.colcon_core.plugin_system:Skipping extension 'colcon_core.shell.bat': Not used on non-Windows systems
[0.269s] INFO:colcon.colcon_core.shell:Creating environment hook '/home/darkknight/ros2_ws/install/my_1_pkg/share/my_1_pkg/hook/ament_prefix_path.ps1'
[0.270s] INFO:colcon.colcon_core.shell:Creating environment descriptor '/home/darkknight/ros2_ws/install/my_1_pkg/share/my_1_pkg/hook/ament_prefix_path.dsv'
[0.270s] INFO:colcon.colcon_core.shell:Creating environment hook '/home/darkknight/ros2_ws/install/my_1_pkg/share/my_1_pkg/hook/ament_prefix_path.sh'
[0.271s] INFO:colcon.colcon_core.shell:Skip shell extension 'powershell' for command environment: Not usable outside of PowerShell
[0.271s] DEBUG:colcon.colcon_core.shell:Skip shell extension 'dsv' for command environment
[0.274s] INFO:colcon.colcon_ros.task.ament_cmake.build:Building ROS package in '/home/darkknight/ros2_ws/src/my_2_pkgcpp' with build type 'ament_cmake'
[0.275s] INFO:colcon.colcon_cmake.task.cmake.build:Building CMake package in '/home/darkknight/ros2_ws/src/my_2_pkgcpp'
[0.275s] INFO:colcon.colcon_core.shell:Skip shell extension 'powershell' for command environment: Not usable outside of PowerShell
[0.275s] DEBUG:colcon.colcon_core.shell:Skip shell extension 'dsv' for command environment
[0.496s] INFO:colcon.colcon_core.task.python.build:Building Python package in '/home/darkknight/ros2_ws/src/my_1_pkg'
[0.496s] INFO:colcon.colcon_core.shell:Skip shell extension 'powershell' for command environment: Not usable outside of PowerShell
[0.496s] DEBUG:colcon.colcon_core.shell:Skip shell extension 'dsv' for command environment
[0.504s] DEBUG:colcon.colcon_core.event_handler.log_command:Invoking command in '/home/darkknight/ros2_ws/build/my_2_pkgcpp': CMAKE_PREFIX_PATH=${CMAKE_PREFIX_PATH}:/home/darkknight/ros2_ws/src/install/my_1_pkg:/opt/ros/jazzy DEBUGINFOD_URLS=https://debuginfod.ubuntu.com /usr/bin/cmake /home/darkknight/ros2_ws/src/my_2_pkgcpp -DCMAKE_INSTALL_PREFIX=/home/darkknight/ros2_ws/install/my_2_pkgcpp
[0.970s] DEBUG:colcon.colcon_core.event_handler.log_command:Invoking command in '/home/darkknight/ros2_ws/src/my_1_pkg': DEBUGINFOD_URLS=https://debuginfod.ubuntu.com PYTHONPATH=/home/darkknight/ros2_ws/build/my_1_pkg/prefix_override:/usr/lib/python3/dist-packages/colcon_core/task/python/colcon_distutils_commands:/home/darkknight/ros2_ws/install/my_1_pkg/lib/python3.12/site-packages:${PYTHONPATH} /usr/bin/python3 -W ignore:setup.py install is deprecated -W ignore:easy_install command is deprecated setup.py egg_info --egg-base ../../build/my_1_pkg build --build-base /home/darkknight/ros2_ws/build/my_1_pkg/build install --record /home/darkknight/ros2_ws/build/my_1_pkg/install.log --single-version-externally-managed install_data
[1.447s] DEBUG:colcon.colcon_core.event_handler.log_command:Invoked command in '/home/darkknight/ros2_ws/src/my_1_pkg' returned '0': DEBUGINFOD_URLS=https://debuginfod.ubuntu.com PYTHONPATH=/home/darkknight/ros2_ws/build/my_1_pkg/prefix_override:/usr/lib/python3/dist-packages/colcon_core/task/python/colcon_distutils_commands:/home/darkknight/ros2_ws/install/my_1_pkg/lib/python3.12/site-packages:${PYTHONPATH} /usr/bin/python3 -W ignore:setup.py install is deprecated -W ignore:easy_install command is deprecated setup.py egg_info --egg-base ../../build/my_1_pkg build --build-base /home/darkknight/ros2_ws/build/my_1_pkg/build install --record /home/darkknight/ros2_ws/build/my_1_pkg/install.log --single-version-externally-managed install_data
[1.450s] Level 1:colcon.colcon_core.environment:checking '/home/darkknight/ros2_ws/install/my_1_pkg' for CMake module files
[1.450s] Level 1:colcon.colcon_core.environment:checking '/home/darkknight/ros2_ws/install/my_1_pkg' for CMake config files
[1.451s] Level 1:colcon.colcon_core.environment:checking '/home/darkknight/ros2_ws/install/my_1_pkg/lib'
[1.451s] Level 1:colcon.colcon_core.environment:checking '/home/darkknight/ros2_ws/install/my_1_pkg/bin'
[1.451s] Level 1:colcon.colcon_core.environment:checking '/home/darkknight/ros2_ws/install/my_1_pkg/lib/pkgconfig/my_1_pkg.pc'
[1.452s] Level 1:colcon.colcon_core.environment:checking '/home/darkknight/ros2_ws/install/my_1_pkg/lib/python3.12/site-packages'
[1.452s] Level 1:colcon.colcon_core.shell:create_environment_hook('my_1_pkg', 'pythonpath')
[1.452s] INFO:colcon.colcon_core.shell:Creating environment hook '/home/darkknight/ros2_ws/install/my_1_pkg/share/my_1_pkg/hook/pythonpath.ps1'
[1.452s] INFO:colcon.colcon_core.shell:Creating environment descriptor '/home/darkknight/ros2_ws/install/my_1_pkg/share/my_1_pkg/hook/pythonpath.dsv'
[1.453s] INFO:colcon.colcon_core.shell:Creating environment hook '/home/darkknight/ros2_ws/install/my_1_pkg/share/my_1_pkg/hook/pythonpath.sh'
[1.453s] Level 1:colcon.colcon_core.environment:checking '/home/darkknight/ros2_ws/install/my_1_pkg/bin'
[1.453s] Level 1:colcon.colcon_core.environment:create_environment_scripts_only(my_1_pkg)
[1.454s] INFO:colcon.colcon_core.shell:Creating package script '/home/darkknight/ros2_ws/install/my_1_pkg/share/my_1_pkg/package.ps1'
[1.454s] INFO:colcon.colcon_core.shell:Creating package descriptor '/home/darkknight/ros2_ws/install/my_1_pkg/share/my_1_pkg/package.dsv'
[1.455s] INFO:colcon.colcon_core.shell:Creating package script '/home/darkknight/ros2_ws/install/my_1_pkg/share/my_1_pkg/package.sh'
[1.455s] INFO:colcon.colcon_core.shell:Creating package script '/home/darkknight/ros2_ws/install/my_1_pkg/share/my_1_pkg/package.bash'
[1.455s] INFO:colcon.colcon_core.shell:Creating package script '/home/darkknight/ros2_ws/install/my_1_pkg/share/my_1_pkg/package.zsh'
[1.456s] Level 1:colcon.colcon_core.environment:create_file_with_runtime_dependencies(/home/darkknight/ros2_ws/install/my_1_pkg/share/colcon-core/packages/my_1_pkg)
[1.749s] DEBUG:colcon.colcon_core.event_handler.log_command:Invoked command in '/home/darkknight/ros2_ws/build/my_2_pkgcpp' returned '0': CMAKE_PREFIX_PATH=${CMAKE_PREFIX_PATH}:/home/darkknight/ros2_ws/src/install/my_1_pkg:/opt/ros/jazzy DEBUGINFOD_URLS=https://debuginfod.ubuntu.com /usr/bin/cmake /home/darkknight/ros2_ws/src/my_2_pkgcpp -DCMAKE_INSTALL_PREFIX=/home/darkknight/ros2_ws/install/my_2_pkgcpp
[1.751s] DEBUG:colcon.colcon_core.event_handler.log_command:Invoking command in '/home/darkknight/ros2_ws/build/my_2_pkgcpp': CMAKE_PREFIX_PATH=${CMAKE_PREFIX_PATH}:/home/darkknight/ros2_ws/src/install/my_1_pkg:/opt/ros/jazzy DEBUGINFOD_URLS=https://debuginfod.ubuntu.com /usr/bin/cmake --build /home/darkknight/ros2_ws/build/my_2_pkgcpp -- -j6 -l6
[4.329s] DEBUG:colcon.colcon_core.event_handler.log_command:Invoked command in '/home/darkknight/ros2_ws/build/my_2_pkgcpp' returned '0': CMAKE_PREFIX_PATH=${CMAKE_PREFIX_PATH}:/home/darkknight/ros2_ws/src/install/my_1_pkg:/opt/ros/jazzy DEBUGINFOD_URLS=https://debuginfod.ubuntu.com /usr/bin/cmake --build /home/darkknight/ros2_ws/build/my_2_pkgcpp -- -j6 -l6
[4.340s] DEBUG:colcon.colcon_core.event_handler.log_command:Invoking command in '/home/darkknight/ros2_ws/build/my_2_pkgcpp': CMAKE_PREFIX_PATH=${CMAKE_PREFIX_PATH}:/home/darkknight/ros2_ws/src/install/my_1_pkg:/opt/ros/jazzy DEBUGINFOD_URLS=https://debuginfod.ubuntu.com /usr/bin/cmake --install /home/darkknight/ros2_ws/build/my_2_pkgcpp
[4.357s] Level 1:colcon.colcon_core.environment:create_environment_scripts_only(my_2_pkgcpp)
[4.357s] Level 1:colcon.colcon_core.environment:checking '/home/darkknight/ros2_ws/install/my_2_pkgcpp' for CMake module files
[4.358s] DEBUG:colcon.colcon_core.event_handler.log_command:Invoked command in '/home/darkknight/ros2_ws/build/my_2_pkgcpp' returned '0': CMAKE_PREFIX_PATH=${CMAKE_PREFIX_PATH}:/home/darkknight/ros2_ws/src/install/my_1_pkg:/opt/ros/jazzy DEBUGINFOD_URLS=https://debuginfod.ubuntu.com /usr/bin/cmake --install /home/darkknight/ros2_ws/build/my_2_pkgcpp
[4.358s] Level 1:colcon.colcon_core.environment:checking '/home/darkknight/ros2_ws/install/my_2_pkgcpp' for CMake config files
[4.358s] Level 1:colcon.colcon_core.shell:create_environment_hook('my_2_pkgcpp', 'cmake_prefix_path')
[4.359s] INFO:colcon.colcon_core.shell:Creating environment hook '/home/darkknight/ros2_ws/install/my_2_pkgcpp/share/my_2_pkgcpp/hook/cmake_prefix_path.ps1'
[4.359s] INFO:colcon.colcon_core.shell:Creating environment descriptor '/home/darkknight/ros2_ws/install/my_2_pkgcpp/share/my_2_pkgcpp/hook/cmake_prefix_path.dsv'
[4.359s] INFO:colcon.colcon_core.shell:Creating environment hook '/home/darkknight/ros2_ws/install/my_2_pkgcpp/share/my_2_pkgcpp/hook/cmake_prefix_path.sh'
[4.360s] Level 1:colcon.colcon_core.environment:checking '/home/darkknight/ros2_ws/install/my_2_pkgcpp/lib'
[4.360s] Level 1:colcon.colcon_core.environment:checking '/home/darkknight/ros2_ws/install/my_2_pkgcpp/bin'
[4.360s] Level 1:colcon.colcon_core.environment:checking '/home/darkknight/ros2_ws/install/my_2_pkgcpp/lib/pkgconfig/my_2_pkgcpp.pc'
[4.360s] Level 1:colcon.colcon_core.environment:checking '/home/darkknight/ros2_ws/install/my_2_pkgcpp/lib/python3.12/site-packages'
[4.360s] Level 1:colcon.colcon_core.environment:checking '/home/darkknight/ros2_ws/install/my_2_pkgcpp/bin'
[4.360s] INFO:colcon.colcon_core.shell:Creating package script '/home/darkknight/ros2_ws/install/my_2_pkgcpp/share/my_2_pkgcpp/package.ps1'
[4.361s] INFO:colcon.colcon_core.shell:Creating package descriptor '/home/darkknight/ros2_ws/install/my_2_pkgcpp/share/my_2_pkgcpp/package.dsv'
[4.361s] INFO:colcon.colcon_core.shell:Creating package script '/home/darkknight/ros2_ws/install/my_2_pkgcpp/share/my_2_pkgcpp/package.sh'
[4.362s] INFO:colcon.colcon_core.shell:Creating package script '/home/darkknight/ros2_ws/install/my_2_pkgcpp/share/my_2_pkgcpp/package.bash'
[4.362s] INFO:colcon.colcon_core.shell:Creating package script '/home/darkknight/ros2_ws/install/my_2_pkgcpp/share/my_2_pkgcpp/package.zsh'
[4.362s] Level 1:colcon.colcon_core.environment:create_file_with_runtime_dependencies(/home/darkknight/ros2_ws/install/my_2_pkgcpp/share/colcon-core/packages/my_2_pkgcpp)
[4.362s] Level 1:colcon.colcon_core.environment:create_environment_scripts_only(my_2_pkgcpp)
[4.363s] Level 1:colcon.colcon_core.environment:checking '/home/darkknight/ros2_ws/install/my_2_pkgcpp' for CMake module files
[4.363s] Level 1:colcon.colcon_core.environment:checking '/home/darkknight/ros2_ws/install/my_2_pkgcpp' for CMake config files
[4.363s] Level 1:colcon.colcon_core.shell:create_environment_hook('my_2_pkgcpp', 'cmake_prefix_path')
[4.363s] INFO:colcon.colcon_core.shell:Creating environment hook '/home/darkknight/ros2_ws/install/my_2_pkgcpp/share/my_2_pkgcpp/hook/cmake_prefix_path.ps1'
[4.364s] INFO:colcon.colcon_core.shell:Creating environment descriptor '/home/darkknight/ros2_ws/install/my_2_pkgcpp/share/my_2_pkgcpp/hook/cmake_prefix_path.dsv'
[4.364s] INFO:colcon.colcon_core.shell:Creating environment hook '/home/darkknight/ros2_ws/install/my_2_pkgcpp/share/my_2_pkgcpp/hook/cmake_prefix_path.sh'
[4.365s] Level 1:colcon.colcon_core.environment:checking '/home/darkknight/ros2_ws/install/my_2_pkgcpp/lib'
[4.365s] Level 1:colcon.colcon_core.environment:checking '/home/darkknight/ros2_ws/install/my_2_pkgcpp/bin'
[4.365s] Level 1:colcon.colcon_core.environment:checking '/home/darkknight/ros2_ws/install/my_2_pkgcpp/lib/pkgconfig/my_2_pkgcpp.pc'
[4.365s] Level 1:colcon.colcon_core.environment:checking '/home/darkknight/ros2_ws/install/my_2_pkgcpp/lib/python3.12/site-packages'
[4.365s] Level 1:colcon.colcon_core.environment:checking '/home/darkknight/ros2_ws/install/my_2_pkgcpp/bin'
[4.365s] INFO:colcon.colcon_core.shell:Creating package script '/home/darkknight/ros2_ws/install/my_2_pkgcpp/share/my_2_pkgcpp/package.ps1'
[4.366s] INFO:colcon.colcon_core.shell:Creating package descriptor '/home/darkknight/ros2_ws/install/my_2_pkgcpp/share/my_2_pkgcpp/package.dsv'
[4.366s] INFO:colcon.colcon_core.shell:Creating package script '/home/darkknight/ros2_ws/install/my_2_pkgcpp/share/my_2_pkgcpp/package.sh'
[4.367s] INFO:colcon.colcon_core.shell:Creating package script '/home/darkknight/ros2_ws/install/my_2_pkgcpp/share/my_2_pkgcpp/package.bash'
[4.367s] INFO:colcon.colcon_core.shell:Creating package script '/home/darkknight/ros2_ws/install/my_2_pkgcpp/share/my_2_pkgcpp/package.zsh'
[4.368s] Level 1:colcon.colcon_core.environment:create_file_with_runtime_dependencies(/home/darkknight/ros2_ws/install/my_2_pkgcpp/share/colcon-core/packages/my_2_pkgcpp)
[4.368s] DEBUG:colcon.colcon_parallel_executor.executor.parallel:closing loop
[4.368s] DEBUG:colcon.colcon_parallel_executor.executor.parallel:loop closed
[4.368s] DEBUG:colcon.colcon_parallel_executor.executor.parallel:run_until_complete finished with '0'
[4.369s] DEBUG:colcon.colcon_core.event_reactor:joining thread
[4.376s] INFO:colcon.colcon_core.plugin_system:Skipping extension 'colcon_notification.desktop_notification.terminal_notifier': Not used on non-Darwin systems
[4.376s] INFO:colcon.colcon_core.plugin_system:Skipping extension 'colcon_notification.desktop_notification.win32': Not used on non-Windows systems
[4.376s] INFO:colcon.colcon_notification.desktop_notification:Sending desktop notification using 'notify2'
[4.402s] DEBUG:colcon.colcon_core.event_reactor:joined thread
[4.402s] INFO:colcon.colcon_core.shell:Creating prefix script '/home/darkknight/ros2_ws/install/local_setup.ps1'
[4.403s] INFO:colcon.colcon_core.shell:Creating prefix util module '/home/darkknight/ros2_ws/install/_local_setup_util_ps1.py'
[4.404s] INFO:colcon.colcon_core.shell:Creating prefix chain script '/home/darkknight/ros2_ws/install/setup.ps1'
[4.404s] INFO:colcon.colcon_core.shell:Creating prefix script '/home/darkknight/ros2_ws/install/local_setup.sh'
[4.404s] INFO:colcon.colcon_core.shell:Creating prefix util module '/home/darkknight/ros2_ws/install/_local_setup_util_sh.py'
[4.405s] INFO:colcon.colcon_core.shell:Creating prefix chain script '/home/darkknight/ros2_ws/install/setup.sh'
[4.406s] INFO:colcon.colcon_core.shell:Creating prefix script '/home/darkknight/ros2_ws/install/local_setup.bash'
[4.406s] INFO:colcon.colcon_core.shell:Creating prefix chain script '/home/darkknight/ros2_ws/install/setup.bash'
[4.407s] INFO:colcon.colcon_core.shell:Creating prefix script '/home/darkknight/ros2_ws/install/local_setup.zsh'
[4.407s] INFO:colcon.colcon_core.shell:Creating prefix chain script '/home/darkknight/ros2_ws/install/setup.zsh'
