[3.320s] Invoking command in '/home/darkknight/ros2_ws/src/my_1_pkg': DEBUGINFOD_URLS=https://debuginfod.ubuntu.com PYTHONPATH=/home/darkknight/ros2_ws/src/build/my_1_pkg/prefix_override:/usr/lib/python3/dist-packages/colcon_core/task/python/colcon_distutils_commands:/home/darkknight/ros2_ws/src/install/my_1_pkg/lib/python3.12/site-packages:${PYTHONPATH} /usr/bin/python3 -W ignore:setup.py install is deprecated -W ignore:easy_install command is deprecated setup.py egg_info --egg-base ../build/my_1_pkg build --build-base /home/darkknight/ros2_ws/src/build/my_1_pkg/build install --record /home/darkknight/ros2_ws/src/build/my_1_pkg/install.log --single-version-externally-managed install_data
[3.832s] running egg_info
[3.834s] creating ../build/my_1_pkg/my_1_pkg.egg-info
[3.885s] writing ../build/my_1_pkg/my_1_pkg.egg-info/PKG-INFO
[3.886s] writing dependency_links to ../build/my_1_pkg/my_1_pkg.egg-info/dependency_links.txt
[3.886s] writing entry points to ../build/my_1_pkg/my_1_pkg.egg-info/entry_points.txt
[3.886s] writing requirements to ../build/my_1_pkg/my_1_pkg.egg-info/requires.txt
[3.886s] writing top-level names to ../build/my_1_pkg/my_1_pkg.egg-info/top_level.txt
[3.886s] writing manifest file '../build/my_1_pkg/my_1_pkg.egg-info/SOURCES.txt'
[3.972s] reading manifest file '../build/my_1_pkg/my_1_pkg.egg-info/SOURCES.txt'
[3.972s] writing manifest file '../build/my_1_pkg/my_1_pkg.egg-info/SOURCES.txt'
[3.973s] running build
[3.973s] running build_py
[3.973s] creating /home/darkknight/ros2_ws/src/build/my_1_pkg/build
[3.973s] creating /home/darkknight/ros2_ws/src/build/my_1_pkg/build/lib
[3.973s] creating /home/darkknight/ros2_ws/src/build/my_1_pkg/build/lib/my_1_pkg
[3.973s] copying my_1_pkg/__init__.py -> /home/darkknight/ros2_ws/src/build/my_1_pkg/build/lib/my_1_pkg
[3.973s] copying my_1_pkg/my_first_node.py -> /home/darkknight/ros2_ws/src/build/my_1_pkg/build/lib/my_1_pkg
[3.973s] copying my_1_pkg/robot_news_station.py -> /home/darkknight/ros2_ws/src/build/my_1_pkg/build/lib/my_1_pkg
[3.974s] running install
[3.984s] running install_lib
[4.017s] creating /home/darkknight/ros2_ws/src/install/my_1_pkg/lib/python3.12/site-packages/my_1_pkg
[4.017s] copying /home/darkknight/ros2_ws/src/build/my_1_pkg/build/lib/my_1_pkg/__init__.py -> /home/darkknight/ros2_ws/src/install/my_1_pkg/lib/python3.12/site-packages/my_1_pkg
[4.017s] copying /home/darkknight/ros2_ws/src/build/my_1_pkg/build/lib/my_1_pkg/my_first_node.py -> /home/darkknight/ros2_ws/src/install/my_1_pkg/lib/python3.12/site-packages/my_1_pkg
[4.018s] copying /home/darkknight/ros2_ws/src/build/my_1_pkg/build/lib/my_1_pkg/robot_news_station.py -> /home/darkknight/ros2_ws/src/install/my_1_pkg/lib/python3.12/site-packages/my_1_pkg
[4.019s] byte-compiling /home/darkknight/ros2_ws/src/install/my_1_pkg/lib/python3.12/site-packages/my_1_pkg/__init__.py to __init__.cpython-312.pyc
[4.020s] byte-compiling /home/darkknight/ros2_ws/src/install/my_1_pkg/lib/python3.12/site-packages/my_1_pkg/my_first_node.py to my_first_node.cpython-312.pyc
[4.022s] byte-compiling /home/darkknight/ros2_ws/src/install/my_1_pkg/lib/python3.12/site-packages/my_1_pkg/robot_news_station.py to robot_news_station.cpython-312.pyc
[4.022s] running install_data
[4.023s] creating /home/darkknight/ros2_ws/src/install/my_1_pkg/share/ament_index
[4.024s] creating /home/darkknight/ros2_ws/src/install/my_1_pkg/share/ament_index/resource_index
[4.024s] creating /home/darkknight/ros2_ws/src/install/my_1_pkg/share/ament_index/resource_index/packages
[4.025s] copying resource/my_1_pkg -> /home/darkknight/ros2_ws/src/install/my_1_pkg/share/ament_index/resource_index/packages
[4.025s] copying package.xml -> /home/darkknight/ros2_ws/src/install/my_1_pkg/share/my_1_pkg
[4.025s] running install_egg_info
[4.080s] Copying ../build/my_1_pkg/my_1_pkg.egg-info to /home/darkknight/ros2_ws/src/install/my_1_pkg/lib/python3.12/site-packages/my_1_pkg-0.0.0-py3.12.egg-info
[4.084s] running install_scripts
[4.339s] Installing bot_transmitter script to /home/darkknight/ros2_ws/src/install/my_1_pkg/lib/my_1_pkg
[4.340s] Installing my_node script to /home/darkknight/ros2_ws/src/install/my_1_pkg/lib/my_1_pkg
[4.340s] writing list of installed files to '/home/darkknight/ros2_ws/src/build/my_1_pkg/install.log'
[4.443s] Invoked command in '/home/darkknight/ros2_ws/src/my_1_pkg' returned '0': DEBUGINFOD_URLS=https://debuginfod.ubuntu.com PYTHONPATH=/home/darkknight/ros2_ws/src/build/my_1_pkg/prefix_override:/usr/lib/python3/dist-packages/colcon_core/task/python/colcon_distutils_commands:/home/darkknight/ros2_ws/src/install/my_1_pkg/lib/python3.12/site-packages:${PYTHONPATH} /usr/bin/python3 -W ignore:setup.py install is deprecated -W ignore:easy_install command is deprecated setup.py egg_info --egg-base ../build/my_1_pkg build --build-base /home/darkknight/ros2_ws/src/build/my_1_pkg/build install --record /home/darkknight/ros2_ws/src/build/my_1_pkg/install.log --single-version-externally-managed install_data
