-- The C compiler identification is GNU 13.3.0
-- The CXX compiler identification is GNU 13.3.0
-- Detecting C compiler ABI info
-- Detecting C compiler ABI info - done
-- Check for working C compiler: /usr/bin/cc - skipped
-- Detecting C compile features
-- Detecting C compile features - done
-- Detecting CXX compiler ABI info
-- Detecting CXX compiler ABI info - done
-- Check for working CXX compiler: /usr/bin/c++ - skipped
-- Detecting CXX compile features
-- Detecting CXX compile features - done
-- Found ament_cmake: 2.5.4 (/opt/ros/jazzy/share/ament_cmake/cmake)
-- Found Python3: /usr/bin/python3 (found version "3.12.3") found components: Interpreter 
-- Found rclcpp: 28.1.12 (/opt/ros/jazzy/share/rclcpp/cmake)
-- Found rosidl_generator_c: 4.6.6 (/opt/ros/jazzy/share/rosidl_generator_c/cmake)
-- Found rosidl_generator_cpp: 4.6.6 (/opt/ros/jazzy/share/rosidl_generator_cpp/cmake)
-- Using all available rosidl_typesupport_c: rosidl_typesupport_fastrtps_c;rosidl_typesupport_introspection_c
-- Using all available rosidl_typesupport_cpp: rosidl_typesupport_fastrtps_cpp;rosidl_typesupport_introspection_cpp
-- Found rmw_implementation_cmake: 7.3.2 (/opt/ros/jazzy/share/rmw_implementation_cmake/cmake)
-- Found rmw_fastrtps_cpp: 8.4.3 (/opt/ros/jazzy/share/rmw_fastrtps_cpp/cmake)
-- Found OpenSSL: /usr/lib/x86_64-linux-gnu/libcrypto.so (found version "3.0.13")  
-- Found FastRTPS: /opt/ros/jazzy/include (Required is at least version "2.13") 
-- Using RMW implementation 'rmw_fastrtps_cpp' as default
-- Configuring done (3.6s)
-- Generating done (0.0s)
-- Build files have been written to: /home/darkknight/ros2_ws/src/build/my_2_pkgcpp
[ 50%] [32mBuilding CXX object CMakeFiles/cpp_node.dir/src/CppNode.cpp.o[0m
[100%] [32m[1mLinking CXX executable cpp_node[0m
[100%] Built target cpp_node
-- Install configuration: ""
-- Installing: /home/darkknight/ros2_ws/src/install/my_2_pkgcpp/lib/my_2_pkgcpp/cpp_node
-- Set non-toolchain portion of runtime path of "/home/darkknight/ros2_ws/src/install/my_2_pkgcpp/lib/my_2_pkgcpp/cpp_node" to ""
-- Installing: /home/darkknight/ros2_ws/src/install/my_2_pkgcpp/share/ament_index/resource_index/package_run_dependencies/my_2_pkgcpp
-- Installing: /home/darkknight/ros2_ws/src/install/my_2_pkgcpp/share/ament_index/resource_index/parent_prefix_path/my_2_pkgcpp
-- Installing: /home/darkknight/ros2_ws/src/install/my_2_pkgcpp/share/my_2_pkgcpp/environment/ament_prefix_path.sh
-- Installing: /home/darkknight/ros2_ws/src/install/my_2_pkgcpp/share/my_2_pkgcpp/environment/ament_prefix_path.dsv
-- Installing: /home/darkknight/ros2_ws/src/install/my_2_pkgcpp/share/my_2_pkgcpp/environment/path.sh
-- Installing: /home/darkknight/ros2_ws/src/install/my_2_pkgcpp/share/my_2_pkgcpp/environment/path.dsv
-- Installing: /home/darkknight/ros2_ws/src/install/my_2_pkgcpp/share/my_2_pkgcpp/local_setup.bash
-- Installing: /home/darkknight/ros2_ws/src/install/my_2_pkgcpp/share/my_2_pkgcpp/local_setup.sh
-- Installing: /home/darkknight/ros2_ws/src/install/my_2_pkgcpp/share/my_2_pkgcpp/local_setup.zsh
-- Installing: /home/darkknight/ros2_ws/src/install/my_2_pkgcpp/share/my_2_pkgcpp/local_setup.dsv
-- Installing: /home/darkknight/ros2_ws/src/install/my_2_pkgcpp/share/my_2_pkgcpp/package.dsv
-- Installing: /home/darkknight/ros2_ws/src/install/my_2_pkgcpp/share/ament_index/resource_index/packages/my_2_pkgcpp
-- Installing: /home/darkknight/ros2_ws/src/install/my_2_pkgcpp/share/my_2_pkgcpp/cmake/my_2_pkgcppConfig.cmake
-- Installing: /home/darkknight/ros2_ws/src/install/my_2_pkgcpp/share/my_2_pkgcpp/cmake/my_2_pkgcppConfig-version.cmake
-- Installing: /home/darkknight/ros2_ws/src/install/my_2_pkgcpp/share/my_2_pkgcpp/package.xml
