[0.590s] Invoking command in '/home/darkknight/ros2_ws/src/my_1_pkg': DEBUGINFOD_URLS=https://debuginfod.ubuntu.com PYTHONPATH=/home/darkknight/ros2_ws/build/my_1_pkg/prefix_override:/usr/lib/python3/dist-packages/colcon_core/task/python/colcon_distutils_commands:/home/darkknight/ros2_ws/install/my_1_pkg/lib/python3.12/site-packages:${PYTHONPATH} /usr/bin/python3 -W ignore:setup.py install is deprecated -W ignore:easy_install command is deprecated setup.py egg_info --egg-base ../../build/my_1_pkg build --build-base /home/darkknight/ros2_ws/build/my_1_pkg/build install --record /home/darkknight/ros2_ws/build/my_1_pkg/install.log --single-version-externally-managed install_data
[0.768s] running egg_info
[0.781s] writing ../../build/my_1_pkg/my_1_pkg.egg-info/PKG-INFO
[0.782s] writing dependency_links to ../../build/my_1_pkg/my_1_pkg.egg-info/dependency_links.txt
[0.782s] writing entry points to ../../build/my_1_pkg/my_1_pkg.egg-info/entry_points.txt
[0.782s] writing requirements to ../../build/my_1_pkg/my_1_pkg.egg-info/requires.txt
[0.783s] writing top-level names to ../../build/my_1_pkg/my_1_pkg.egg-info/top_level.txt
[0.804s] reading manifest file '../../build/my_1_pkg/my_1_pkg.egg-info/SOURCES.txt'
[0.805s] writing manifest file '../../build/my_1_pkg/my_1_pkg.egg-info/SOURCES.txt'
[0.806s] running build
[0.806s] running build_py
[0.806s] copying my_1_pkg/robot_news_station.py -> /home/darkknight/ros2_ws/build/my_1_pkg/build/lib/my_1_pkg
[0.806s] running install
[0.811s] running install_lib
[0.823s] copying /home/darkknight/ros2_ws/build/my_1_pkg/build/lib/my_1_pkg/robot_news_station.py -> /home/darkknight/ros2_ws/install/my_1_pkg/lib/python3.12/site-packages/my_1_pkg
[0.824s] byte-compiling /home/darkknight/ros2_ws/install/my_1_pkg/lib/python3.12/site-packages/my_1_pkg/robot_news_station.py to robot_news_station.cpython-312.pyc
[0.824s] running install_data
[0.825s] running install_egg_info
[0.836s] removing '/home/darkknight/ros2_ws/install/my_1_pkg/lib/python3.12/site-packages/my_1_pkg-0.0.0-py3.12.egg-info' (and everything under it)
[0.837s] Copying ../../build/my_1_pkg/my_1_pkg.egg-info to /home/darkknight/ros2_ws/install/my_1_pkg/lib/python3.12/site-packages/my_1_pkg-0.0.0-py3.12.egg-info
[0.837s] running install_scripts
[0.934s] Installing bot_transmitter script to /home/darkknight/ros2_ws/install/my_1_pkg/lib/my_1_pkg
[0.935s] Installing my_node script to /home/darkknight/ros2_ws/install/my_1_pkg/lib/my_1_pkg
[0.935s] writing list of installed files to '/home/darkknight/ros2_ws/build/my_1_pkg/install.log'
[0.965s] Invoked command in '/home/darkknight/ros2_ws/src/my_1_pkg' returned '0': DEBUGINFOD_URLS=https://debuginfod.ubuntu.com PYTHONPATH=/home/darkknight/ros2_ws/build/my_1_pkg/prefix_override:/usr/lib/python3/dist-packages/colcon_core/task/python/colcon_distutils_commands:/home/darkknight/ros2_ws/install/my_1_pkg/lib/python3.12/site-packages:${PYTHONPATH} /usr/bin/python3 -W ignore:setup.py install is deprecated -W ignore:easy_install command is deprecated setup.py egg_info --egg-base ../../build/my_1_pkg build --build-base /home/darkknight/ros2_ws/build/my_1_pkg/build install --record /home/darkknight/ros2_ws/build/my_1_pkg/install.log --single-version-externally-managed install_data
