[0.555s] Invoking command in '/home/darkknight/ros2_ws/src/my_1_pkg': DEBUGINFOD_URLS=https://debuginfod.ubuntu.com PYTHONPATH=/home/darkknight/ros2_ws/build/my_1_pkg/prefix_override:/usr/lib/python3/dist-packages/colcon_core/task/python/colcon_distutils_commands:/home/darkknight/ros2_ws/install/my_1_pkg/lib/python3.12/site-packages:${PYTHONPATH} /usr/bin/python3 -W ignore:setup.py install is deprecated -W ignore:easy_install command is deprecated setup.py egg_info --egg-base ../../build/my_1_pkg build --build-base /home/darkknight/ros2_ws/build/my_1_pkg/build install --record /home/darkknight/ros2_ws/build/my_1_pkg/install.log --single-version-externally-managed install_data
[0.725s] running egg_info
[0.735s] writing ../../build/my_1_pkg/my_1_pkg.egg-info/PKG-INFO
[0.736s] writing dependency_links to ../../build/my_1_pkg/my_1_pkg.egg-info/dependency_links.txt
[0.736s] writing entry points to ../../build/my_1_pkg/my_1_pkg.egg-info/entry_points.txt
[0.737s] writing requirements to ../../build/my_1_pkg/my_1_pkg.egg-info/requires.txt
[0.737s] writing top-level names to ../../build/my_1_pkg/my_1_pkg.egg-info/top_level.txt
[0.758s] reading manifest file '../../build/my_1_pkg/my_1_pkg.egg-info/SOURCES.txt'
[0.758s] writing manifest file '../../build/my_1_pkg/my_1_pkg.egg-info/SOURCES.txt'
[0.759s] running build
[0.759s] running build_py
[0.759s] running install
[0.763s] running install_lib
[0.776s] running install_data
[0.776s] copying resource/my_1_pkg -> /home/darkknight/ros2_ws/install/my_1_pkg/share/ament_index/resource_index/packages
[0.776s] copying package.xml -> /home/darkknight/ros2_ws/install/my_1_pkg/share/my_1_pkg
[0.776s] running install_egg_info
[0.795s] removing '/home/darkknight/ros2_ws/install/my_1_pkg/lib/python3.12/site-packages/my_1_pkg-0.0.0-py3.12.egg-info' (and everything under it)
[0.795s] Copying ../../build/my_1_pkg/my_1_pkg.egg-info to /home/darkknight/ros2_ws/install/my_1_pkg/lib/python3.12/site-packages/my_1_pkg-0.0.0-py3.12.egg-info
[0.798s] running install_scripts
[0.878s] Installing bot_receiver script to /home/darkknight/ros2_ws/install/my_1_pkg/lib/my_1_pkg
[0.878s] Installing bot_transmitter script to /home/darkknight/ros2_ws/install/my_1_pkg/lib/my_1_pkg
[0.879s] Installing my_node script to /home/darkknight/ros2_ws/install/my_1_pkg/lib/my_1_pkg
[0.879s] writing list of installed files to '/home/darkknight/ros2_ws/build/my_1_pkg/install.log'
[0.917s] Invoked command in '/home/darkknight/ros2_ws/src/my_1_pkg' returned '0': DEBUGINFOD_URLS=https://debuginfod.ubuntu.com PYTHONPATH=/home/darkknight/ros2_ws/build/my_1_pkg/prefix_override:/usr/lib/python3/dist-packages/colcon_core/task/python/colcon_distutils_commands:/home/darkknight/ros2_ws/install/my_1_pkg/lib/python3.12/site-packages:${PYTHONPATH} /usr/bin/python3 -W ignore:setup.py install is deprecated -W ignore:easy_install command is deprecated setup.py egg_info --egg-base ../../build/my_1_pkg build --build-base /home/darkknight/ros2_ws/build/my_1_pkg/build install --record /home/darkknight/ros2_ws/build/my_1_pkg/install.log --single-version-externally-managed install_data
