running egg_info
writing ../build/my_1_pkg/my_1_pkg.egg-info/PKG-INFO
writing dependency_links to ../build/my_1_pkg/my_1_pkg.egg-info/dependency_links.txt
writing entry points to ../build/my_1_pkg/my_1_pkg.egg-info/entry_points.txt
writing requirements to ../build/my_1_pkg/my_1_pkg.egg-info/requires.txt
writing top-level names to ../build/my_1_pkg/my_1_pkg.egg-info/top_level.txt
reading manifest file '../build/my_1_pkg/my_1_pkg.egg-info/SOURCES.txt'
writing manifest file '../build/my_1_pkg/my_1_pkg.egg-info/SOURCES.txt'
running build
running build_py
copying my_1_pkg/my_first_node.py -> /home/darkknight/ros2_ws/src/build/my_1_pkg/build/lib/my_1_pkg
copying my_1_pkg/robot_receiver.py -> /home/darkknight/ros2_ws/src/build/my_1_pkg/build/lib/my_1_pkg
copying my_1_pkg/robot_news_station.py -> /home/darkknight/ros2_ws/src/build/my_1_pkg/build/lib/my_1_pkg
running install
running install_lib
copying /home/darkknight/ros2_ws/src/build/my_1_pkg/build/lib/my_1_pkg/my_first_node.py -> /home/darkknight/ros2_ws/src/install/my_1_pkg/lib/python3.12/site-packages/my_1_pkg
copying /home/darkknight/ros2_ws/src/build/my_1_pkg/build/lib/my_1_pkg/robot_receiver.py -> /home/darkknight/ros2_ws/src/install/my_1_pkg/lib/python3.12/site-packages/my_1_pkg
copying /home/darkknight/ros2_ws/src/build/my_1_pkg/build/lib/my_1_pkg/robot_news_station.py -> /home/darkknight/ros2_ws/src/install/my_1_pkg/lib/python3.12/site-packages/my_1_pkg
byte-compiling /home/darkknight/ros2_ws/src/install/my_1_pkg/lib/python3.12/site-packages/my_1_pkg/my_first_node.py to my_first_node.cpython-312.pyc
byte-compiling /home/darkknight/ros2_ws/src/install/my_1_pkg/lib/python3.12/site-packages/my_1_pkg/robot_receiver.py to robot_receiver.cpython-312.pyc
byte-compiling /home/darkknight/ros2_ws/src/install/my_1_pkg/lib/python3.12/site-packages/my_1_pkg/robot_news_station.py to robot_news_station.cpython-312.pyc
running install_data
