[1.142s] Invoking command in '/home/darkknight/ros2_ws/src/my_1_pkg': DEBUGINFOD_URLS=https://debuginfod.ubuntu.com PYTHONPATH=/home/darkknight/ros2_ws/src/build/my_1_pkg/prefix_override:/usr/lib/python3/dist-packages/colcon_core/task/python/colcon_distutils_commands:/home/darkknight/ros2_ws/src/install/my_1_pkg/lib/python3.12/site-packages:${PYTHONPATH} /usr/bin/python3 -W ignore:setup.py install is deprecated -W ignore:easy_install command is deprecated setup.py egg_info --egg-base ../build/my_1_pkg build --build-base /home/darkknight/ros2_ws/src/build/my_1_pkg/build install --record /home/darkknight/ros2_ws/src/build/my_1_pkg/install.log --single-version-externally-managed install_data
[1.316s] running egg_info
[1.337s] writing ../build/my_1_pkg/my_1_pkg.egg-info/PKG-INFO
[1.338s] writing dependency_links to ../build/my_1_pkg/my_1_pkg.egg-info/dependency_links.txt
[1.338s] writing entry points to ../build/my_1_pkg/my_1_pkg.egg-info/entry_points.txt
[1.338s] writing requirements to ../build/my_1_pkg/my_1_pkg.egg-info/requires.txt
[1.339s] writing top-level names to ../build/my_1_pkg/my_1_pkg.egg-info/top_level.txt
[1.362s] reading manifest file '../build/my_1_pkg/my_1_pkg.egg-info/SOURCES.txt'
[1.363s] writing manifest file '../build/my_1_pkg/my_1_pkg.egg-info/SOURCES.txt'
[1.364s] running build
[1.364s] running build_py
[1.364s] copying my_1_pkg/my_first_node.py -> /home/darkknight/ros2_ws/src/build/my_1_pkg/build/lib/my_1_pkg
[1.364s] copying my_1_pkg/robot_receiver.py -> /home/darkknight/ros2_ws/src/build/my_1_pkg/build/lib/my_1_pkg
[1.365s] copying my_1_pkg/robot_news_station.py -> /home/darkknight/ros2_ws/src/build/my_1_pkg/build/lib/my_1_pkg
[1.366s] running install
[1.372s] running install_lib
[1.387s] copying /home/darkknight/ros2_ws/src/build/my_1_pkg/build/lib/my_1_pkg/my_first_node.py -> /home/darkknight/ros2_ws/src/install/my_1_pkg/lib/python3.12/site-packages/my_1_pkg
[1.387s] copying /home/darkknight/ros2_ws/src/build/my_1_pkg/build/lib/my_1_pkg/robot_receiver.py -> /home/darkknight/ros2_ws/src/install/my_1_pkg/lib/python3.12/site-packages/my_1_pkg
[1.387s] copying /home/darkknight/ros2_ws/src/build/my_1_pkg/build/lib/my_1_pkg/robot_news_station.py -> /home/darkknight/ros2_ws/src/install/my_1_pkg/lib/python3.12/site-packages/my_1_pkg
[1.388s] byte-compiling /home/darkknight/ros2_ws/src/install/my_1_pkg/lib/python3.12/site-packages/my_1_pkg/my_first_node.py to my_first_node.cpython-312.pyc
[1.388s] byte-compiling /home/darkknight/ros2_ws/src/install/my_1_pkg/lib/python3.12/site-packages/my_1_pkg/robot_receiver.py to robot_receiver.cpython-312.pyc
[1.389s] byte-compiling /home/darkknight/ros2_ws/src/install/my_1_pkg/lib/python3.12/site-packages/my_1_pkg/robot_news_station.py to robot_news_station.cpython-312.pyc
[1.389s] running install_data
[1.390s] error: can't copy 'resource/my_1_pkg': doesn't exist or not a regular file
[1.408s] Invoked command in '/home/darkknight/ros2_ws/src/my_1_pkg' returned '1': DEBUGINFOD_URLS=https://debuginfod.ubuntu.com PYTHONPATH=/home/darkknight/ros2_ws/src/build/my_1_pkg/prefix_override:/usr/lib/python3/dist-packages/colcon_core/task/python/colcon_distutils_commands:/home/darkknight/ros2_ws/src/install/my_1_pkg/lib/python3.12/site-packages:${PYTHONPATH} /usr/bin/python3 -W ignore:setup.py install is deprecated -W ignore:easy_install command is deprecated setup.py egg_info --egg-base ../build/my_1_pkg build --build-base /home/darkknight/ros2_ws/src/build/my_1_pkg/build install --record /home/darkknight/ros2_ws/src/build/my_1_pkg/install.log --single-version-externally-managed install_data
