[0.930s] DEBUG:colcon:Command line arguments: ['/usr/bin/colcon', 'build']
[0.930s] DEBUG:colcon:Parsed command line arguments: Namespace(log_base=None, log_level=None, verb_name='build', build_base='build', install_base='install', merge_install=False, symlink_install=False, test_result_base=None, continue_on_error=False, executor='parallel', parallel_workers=6, event_handlers=None, ignore_user_meta=False, metas=['./colcon.meta'], base_paths=['.'], packages_ignore=None, packages_ignore_regex=None, paths=None, packages_up_to=None, packages_up_to_regex=None, packages_above=None, packages_above_and_dependencies=None, packages_above_depth=None, packages_select_by_dep=None, packages_skip_by_dep=None, packages_skip_up_to=None, packages_select_build_failed=False, packages_skip_build_finished=False, packages_select_test_failures=False, packages_skip_test_passed=False, packages_select=None, packages_skip=None, packages_select_regex=None, packages_skip_regex=None, packages_start=None, packages_end=None, allow_overriding=[], cmake_args=None, cmake_target=None, cmake_target_skip_unavailable=False, cmake_clean_cache=False, cmake_clean_first=False, cmake_force_configure=False, ament_cmake_args=None, catkin_cmake_args=None, catkin_skip_building_tests=False, mixin_files=None, mixin=None, verb_parser=<colcon_mixin.mixin.mixin_argument.MixinArgumentDecorator object at 0x79c5e9b777d0>, verb_extension=<colcon_core.verb.build.BuildVerb object at 0x79c5e9b77230>, main=<bound method BuildVerb.main of <colcon_core.verb.build.BuildVerb object at 0x79c5e9b77230>>, mixin_verb=('build',))
[1.043s] Level 1:colcon.colcon_core.package_discovery:discover_packages(colcon_meta) check parameters
[1.043s] Level 1:colcon.colcon_core.package_discovery:discover_packages(recursive) check parameters
[1.043s] Level 1:colcon.colcon_core.package_discovery:discover_packages(ignore) check parameters
[1.043s] Level 1:colcon.colcon_core.package_discovery:discover_packages(path) check parameters
[1.043s] Level 1:colcon.colcon_core.package_discovery:discover_packages(colcon_meta) discover
[1.044s] Level 1:colcon.colcon_core.package_discovery:discover_packages(recursive) discover
[1.044s] INFO:colcon.colcon_core.package_discovery:Crawling recursively for packages in '/home/darkknight/ros2_ws/src'
[1.044s] Level 1:colcon.colcon_core.package_identification:_identify(.) by extensions ['ignore', 'ignore_ament_install']
[1.044s] Level 1:colcon.colcon_core.package_identification:_identify(.) by extension 'ignore'
[1.044s] Level 1:colcon.colcon_core.package_identification:_identify(.) by extension 'ignore_ament_install'
[1.044s] Level 1:colcon.colcon_core.package_identification:_identify(.) by extensions ['colcon_pkg']
[1.044s] Level 1:colcon.colcon_core.package_identification:_identify(.) by extension 'colcon_pkg'
[1.044s] Level 1:colcon.colcon_core.package_identification:_identify(.) by extensions ['colcon_meta']
[1.044s] Level 1:colcon.colcon_core.package_identification:_identify(.) by extension 'colcon_meta'
[1.044s] Level 1:colcon.colcon_core.package_identification:_identify(.) by extensions ['ros']
[1.044s] Level 1:colcon.colcon_core.package_identification:_identify(.) by extension 'ros'
[1.112s] Level 1:colcon.colcon_core.package_identification:_identify(.) by extensions ['cmake', 'python']
[1.112s] Level 1:colcon.colcon_core.package_identification:_identify(.) by extension 'cmake'
[1.112s] Level 1:colcon.colcon_core.package_identification:_identify(.) by extension 'python'
[1.112s] Level 1:colcon.colcon_core.package_identification:_identify(.) by extensions ['python_setup_py']
[1.112s] Level 1:colcon.colcon_core.package_identification:_identify(.) by extension 'python_setup_py'
[1.112s] Level 1:colcon.colcon_core.package_identification:_identify(build) by extensions ['ignore', 'ignore_ament_install']
[1.113s] Level 1:colcon.colcon_core.package_identification:_identify(build) by extension 'ignore'
[1.113s] Level 1:colcon.colcon_core.package_identification:_identify(build) ignored
[1.113s] Level 1:colcon.colcon_core.package_identification:_identify(install) by extensions ['ignore', 'ignore_ament_install']
[1.113s] Level 1:colcon.colcon_core.package_identification:_identify(install) by extension 'ignore'
[1.113s] Level 1:colcon.colcon_core.package_identification:_identify(install) ignored
[1.113s] Level 1:colcon.colcon_core.package_identification:_identify(log) by extensions ['ignore', 'ignore_ament_install']
[1.113s] Level 1:colcon.colcon_core.package_identification:_identify(log) by extension 'ignore'
[1.113s] Level 1:colcon.colcon_core.package_identification:_identify(log) ignored
[1.113s] Level 1:colcon.colcon_core.package_identification:_identify(my_1_pkg) by extensions ['ignore', 'ignore_ament_install']
[1.114s] Level 1:colcon.colcon_core.package_identification:_identify(my_1_pkg) by extension 'ignore'
[1.114s] Level 1:colcon.colcon_core.package_identification:_identify(my_1_pkg) by extension 'ignore_ament_install'
[1.114s] Level 1:colcon.colcon_core.package_identification:_identify(my_1_pkg) by extensions ['colcon_pkg']
[1.114s] Level 1:colcon.colcon_core.package_identification:_identify(my_1_pkg) by extension 'colcon_pkg'
[1.114s] Level 1:colcon.colcon_core.package_identification:_identify(my_1_pkg) by extensions ['colcon_meta']
[1.114s] Level 1:colcon.colcon_core.package_identification:_identify(my_1_pkg) by extension 'colcon_meta'
[1.114s] Level 1:colcon.colcon_core.package_identification:_identify(my_1_pkg) by extensions ['ros']
[1.114s] Level 1:colcon.colcon_core.package_identification:_identify(my_1_pkg) by extension 'ros'
[1.118s] DEBUG:colcon.colcon_core.package_identification:Package 'my_1_pkg' with type 'ros.ament_python' and name 'my_1_pkg'
[1.118s] Level 1:colcon.colcon_core.package_identification:_identify(my_2_pkgcpp) by extensions ['ignore', 'ignore_ament_install']
[1.118s] Level 1:colcon.colcon_core.package_identification:_identify(my_2_pkgcpp) by extension 'ignore'
[1.118s] Level 1:colcon.colcon_core.package_identification:_identify(my_2_pkgcpp) by extension 'ignore_ament_install'
[1.118s] Level 1:colcon.colcon_core.package_identification:_identify(my_2_pkgcpp) by extensions ['colcon_pkg']
[1.118s] Level 1:colcon.colcon_core.package_identification:_identify(my_2_pkgcpp) by extension 'colcon_pkg'
[1.118s] Level 1:colcon.colcon_core.package_identification:_identify(my_2_pkgcpp) by extensions ['colcon_meta']
[1.118s] Level 1:colcon.colcon_core.package_identification:_identify(my_2_pkgcpp) by extension 'colcon_meta'
[1.118s] Level 1:colcon.colcon_core.package_identification:_identify(my_2_pkgcpp) by extensions ['ros']
[1.118s] Level 1:colcon.colcon_core.package_identification:_identify(my_2_pkgcpp) by extension 'ros'
[1.119s] DEBUG:colcon.colcon_core.package_identification:Package 'my_2_pkgcpp' with type 'ros.ament_cmake' and name 'my_2_pkgcpp'
[1.119s] Level 1:colcon.colcon_core.package_discovery:discover_packages(recursive) using defaults
[1.119s] Level 1:colcon.colcon_core.package_discovery:discover_packages(ignore) discover
[1.119s] Level 1:colcon.colcon_core.package_discovery:discover_packages(ignore) using defaults
[1.119s] Level 1:colcon.colcon_core.package_discovery:discover_packages(path) discover
[1.119s] Level 1:colcon.colcon_core.package_discovery:discover_packages(path) using defaults
[1.193s] Level 1:colcon.colcon_core.package_discovery:discover_packages(prefix_path) check parameters
[1.193s] Level 1:colcon.colcon_core.package_discovery:discover_packages(prefix_path) discover
[1.207s] DEBUG:colcon.colcon_installed_package_information.package_discovery:Found 2 installed packages in /home/darkknight/ros2_ws/install
[1.213s] DEBUG:colcon.colcon_installed_package_information.package_discovery:Found 285 installed packages in /opt/ros/jazzy
[1.216s] Level 1:colcon.colcon_core.package_discovery:discover_packages(prefix_path) using defaults
[1.689s] Level 5:colcon.colcon_core.verb:set package 'my_1_pkg' build argument 'cmake_args' from command line to 'None'
[1.689s] Level 5:colcon.colcon_core.verb:set package 'my_1_pkg' build argument 'cmake_target' from command line to 'None'
[1.689s] Level 5:colcon.colcon_core.verb:set package 'my_1_pkg' build argument 'cmake_target_skip_unavailable' from command line to 'False'
[1.689s] Level 5:colcon.colcon_core.verb:set package 'my_1_pkg' build argument 'cmake_clean_cache' from command line to 'False'
[1.689s] Level 5:colcon.colcon_core.verb:set package 'my_1_pkg' build argument 'cmake_clean_first' from command line to 'False'
[1.689s] Level 5:colcon.colcon_core.verb:set package 'my_1_pkg' build argument 'cmake_force_configure' from command line to 'False'
[1.689s] Level 5:colcon.colcon_core.verb:set package 'my_1_pkg' build argument 'ament_cmake_args' from command line to 'None'
[1.690s] Level 5:colcon.colcon_core.verb:set package 'my_1_pkg' build argument 'catkin_cmake_args' from command line to 'None'
[1.690s] Level 5:colcon.colcon_core.verb:set package 'my_1_pkg' build argument 'catkin_skip_building_tests' from command line to 'False'
[1.690s] DEBUG:colcon.colcon_core.verb:Building package 'my_1_pkg' with the following arguments: {'ament_cmake_args': None, 'build_base': '/home/darkknight/ros2_ws/src/build/my_1_pkg', 'catkin_cmake_args': None, 'catkin_skip_building_tests': False, 'cmake_args': None, 'cmake_clean_cache': False, 'cmake_clean_first': False, 'cmake_force_configure': False, 'cmake_target': None, 'cmake_target_skip_unavailable': False, 'install_base': '/home/darkknight/ros2_ws/src/install/my_1_pkg', 'merge_install': False, 'path': '/home/darkknight/ros2_ws/src/my_1_pkg', 'symlink_install': False, 'test_result_base': None}
[1.691s] Level 5:colcon.colcon_core.verb:set package 'my_2_pkgcpp' build argument 'cmake_args' from command line to 'None'
[1.691s] Level 5:colcon.colcon_core.verb:set package 'my_2_pkgcpp' build argument 'cmake_target' from command line to 'None'
[1.691s] Level 5:colcon.colcon_core.verb:set package 'my_2_pkgcpp' build argument 'cmake_target_skip_unavailable' from command line to 'False'
[1.691s] Level 5:colcon.colcon_core.verb:set package 'my_2_pkgcpp' build argument 'cmake_clean_cache' from command line to 'False'
[1.691s] Level 5:colcon.colcon_core.verb:set package 'my_2_pkgcpp' build argument 'cmake_clean_first' from command line to 'False'
[1.691s] Level 5:colcon.colcon_core.verb:set package 'my_2_pkgcpp' build argument 'cmake_force_configure' from command line to 'False'
[1.691s] Level 5:colcon.colcon_core.verb:set package 'my_2_pkgcpp' build argument 'ament_cmake_args' from command line to 'None'
[1.691s] Level 5:colcon.colcon_core.verb:set package 'my_2_pkgcpp' build argument 'catkin_cmake_args' from command line to 'None'
[1.691s] Level 5:colcon.colcon_core.verb:set package 'my_2_pkgcpp' build argument 'catkin_skip_building_tests' from command line to 'False'
[1.691s] DEBUG:colcon.colcon_core.verb:Building package 'my_2_pkgcpp' with the following arguments: {'ament_cmake_args': None, 'build_base': '/home/darkknight/ros2_ws/src/build/my_2_pkgcpp', 'catkin_cmake_args': None, 'catkin_skip_building_tests': False, 'cmake_args': None, 'cmake_clean_cache': False, 'cmake_clean_first': False, 'cmake_force_configure': False, 'cmake_target': None, 'cmake_target_skip_unavailable': False, 'install_base': '/home/darkknight/ros2_ws/src/install/my_2_pkgcpp', 'merge_install': False, 'path': '/home/darkknight/ros2_ws/src/my_2_pkgcpp', 'symlink_install': False, 'test_result_base': None}
[1.692s] INFO:colcon.colcon_core.executor:Executing jobs using 'parallel' executor
[1.695s] DEBUG:colcon.colcon_parallel_executor.executor.parallel:run_until_complete
[1.695s] INFO:colcon.colcon_ros.task.ament_python.build:Building ROS package in '/home/darkknight/ros2_ws/src/my_1_pkg' with build type 'ament_python'
[1.695s] Level 1:colcon.colcon_core.shell:create_environment_hook('my_1_pkg', 'ament_prefix_path')
[1.747s] INFO:colcon.colcon_core.plugin_system:Skipping extension 'colcon_core.shell.bat': Not used on non-Windows systems
[1.747s] INFO:colcon.colcon_core.shell:Creating environment hook '/home/darkknight/ros2_ws/src/install/my_1_pkg/share/my_1_pkg/hook/ament_prefix_path.ps1'
[1.750s] INFO:colcon.colcon_core.shell:Creating environment descriptor '/home/darkknight/ros2_ws/src/install/my_1_pkg/share/my_1_pkg/hook/ament_prefix_path.dsv'
[1.756s] INFO:colcon.colcon_core.shell:Creating environment hook '/home/darkknight/ros2_ws/src/install/my_1_pkg/share/my_1_pkg/hook/ament_prefix_path.sh'
[1.759s] INFO:colcon.colcon_core.shell:Skip shell extension 'powershell' for command environment: Not usable outside of PowerShell
[1.759s] DEBUG:colcon.colcon_core.shell:Skip shell extension 'dsv' for command environment
[1.770s] INFO:colcon.colcon_ros.task.ament_cmake.build:Building ROS package in '/home/darkknight/ros2_ws/src/my_2_pkgcpp' with build type 'ament_cmake'
[1.770s] INFO:colcon.colcon_cmake.task.cmake.build:Building CMake package in '/home/darkknight/ros2_ws/src/my_2_pkgcpp'
[1.770s] INFO:colcon.colcon_core.shell:Skip shell extension 'powershell' for command environment: Not usable outside of PowerShell
[1.770s] DEBUG:colcon.colcon_core.shell:Skip shell extension 'dsv' for command environment
[2.260s] INFO:colcon.colcon_core.task.python.build:Building Python package in '/home/darkknight/ros2_ws/src/my_1_pkg'
[2.261s] INFO:colcon.colcon_core.shell:Skip shell extension 'powershell' for command environment: Not usable outside of PowerShell
[2.261s] DEBUG:colcon.colcon_core.shell:Skip shell extension 'dsv' for command environment
[2.280s] DEBUG:colcon.colcon_core.event_handler.log_command:Invoking command in '/home/darkknight/ros2_ws/src/build/my_2_pkgcpp': CMAKE_PREFIX_PATH=${CMAKE_PREFIX_PATH}:/opt/ros/jazzy DEBUGINFOD_URLS=https://debuginfod.ubuntu.com /usr/bin/cmake /home/darkknight/ros2_ws/src/my_2_pkgcpp -DCMAKE_INSTALL_PREFIX=/home/darkknight/ros2_ws/src/install/my_2_pkgcpp
[5.017s] DEBUG:colcon.colcon_core.event_handler.log_command:Invoking command in '/home/darkknight/ros2_ws/src/my_1_pkg': DEBUGINFOD_URLS=https://debuginfod.ubuntu.com PYTHONPATH=/home/darkknight/ros2_ws/src/build/my_1_pkg/prefix_override:/usr/lib/python3/dist-packages/colcon_core/task/python/colcon_distutils_commands:/home/darkknight/ros2_ws/src/install/my_1_pkg/lib/python3.12/site-packages:${PYTHONPATH} /usr/bin/python3 -W ignore:setup.py install is deprecated -W ignore:easy_install command is deprecated setup.py egg_info --egg-base ../build/my_1_pkg build --build-base /home/darkknight/ros2_ws/src/build/my_1_pkg/build install --record /home/darkknight/ros2_ws/src/build/my_1_pkg/install.log --single-version-externally-managed install_data
[6.027s] DEBUG:colcon.colcon_core.event_handler.log_command:Invoked command in '/home/darkknight/ros2_ws/src/build/my_2_pkgcpp' returned '0': CMAKE_PREFIX_PATH=${CMAKE_PREFIX_PATH}:/opt/ros/jazzy DEBUGINFOD_URLS=https://debuginfod.ubuntu.com /usr/bin/cmake /home/darkknight/ros2_ws/src/my_2_pkgcpp -DCMAKE_INSTALL_PREFIX=/home/darkknight/ros2_ws/src/install/my_2_pkgcpp
[6.031s] DEBUG:colcon.colcon_core.event_handler.log_command:Invoking command in '/home/darkknight/ros2_ws/src/build/my_2_pkgcpp': CMAKE_PREFIX_PATH=${CMAKE_PREFIX_PATH}:/opt/ros/jazzy DEBUGINFOD_URLS=https://debuginfod.ubuntu.com /usr/bin/cmake --build /home/darkknight/ros2_ws/src/build/my_2_pkgcpp -- -j6 -l6
[6.140s] DEBUG:colcon.colcon_core.event_handler.log_command:Invoked command in '/home/darkknight/ros2_ws/src/my_1_pkg' returned '0': DEBUGINFOD_URLS=https://debuginfod.ubuntu.com PYTHONPATH=/home/darkknight/ros2_ws/src/build/my_1_pkg/prefix_override:/usr/lib/python3/dist-packages/colcon_core/task/python/colcon_distutils_commands:/home/darkknight/ros2_ws/src/install/my_1_pkg/lib/python3.12/site-packages:${PYTHONPATH} /usr/bin/python3 -W ignore:setup.py install is deprecated -W ignore:easy_install command is deprecated setup.py egg_info --egg-base ../build/my_1_pkg build --build-base /home/darkknight/ros2_ws/src/build/my_1_pkg/build install --record /home/darkknight/ros2_ws/src/build/my_1_pkg/install.log --single-version-externally-managed install_data
[6.193s] Level 1:colcon.colcon_core.environment:checking '/home/darkknight/ros2_ws/src/install/my_1_pkg' for CMake module files
[6.194s] Level 1:colcon.colcon_core.environment:checking '/home/darkknight/ros2_ws/src/install/my_1_pkg' for CMake config files
[6.199s] Level 1:colcon.colcon_core.environment:checking '/home/darkknight/ros2_ws/src/install/my_1_pkg/lib'
[6.199s] Level 1:colcon.colcon_core.environment:checking '/home/darkknight/ros2_ws/src/install/my_1_pkg/bin'
[6.199s] Level 1:colcon.colcon_core.environment:checking '/home/darkknight/ros2_ws/src/install/my_1_pkg/lib/pkgconfig/my_1_pkg.pc'
[6.201s] Level 1:colcon.colcon_core.environment:checking '/home/darkknight/ros2_ws/src/install/my_1_pkg/lib/python3.12/site-packages'
[6.202s] Level 1:colcon.colcon_core.shell:create_environment_hook('my_1_pkg', 'pythonpath')
[6.203s] INFO:colcon.colcon_core.shell:Creating environment hook '/home/darkknight/ros2_ws/src/install/my_1_pkg/share/my_1_pkg/hook/pythonpath.ps1'
[6.206s] INFO:colcon.colcon_core.shell:Creating environment descriptor '/home/darkknight/ros2_ws/src/install/my_1_pkg/share/my_1_pkg/hook/pythonpath.dsv'
[6.210s] INFO:colcon.colcon_core.shell:Creating environment hook '/home/darkknight/ros2_ws/src/install/my_1_pkg/share/my_1_pkg/hook/pythonpath.sh'
[6.213s] Level 1:colcon.colcon_core.environment:checking '/home/darkknight/ros2_ws/src/install/my_1_pkg/bin'
[6.213s] Level 1:colcon.colcon_core.environment:create_environment_scripts_only(my_1_pkg)
[6.214s] INFO:colcon.colcon_core.shell:Creating package script '/home/darkknight/ros2_ws/src/install/my_1_pkg/share/my_1_pkg/package.ps1'
[6.218s] INFO:colcon.colcon_core.shell:Creating package descriptor '/home/darkknight/ros2_ws/src/install/my_1_pkg/share/my_1_pkg/package.dsv'
[6.221s] INFO:colcon.colcon_core.shell:Creating package script '/home/darkknight/ros2_ws/src/install/my_1_pkg/share/my_1_pkg/package.sh'
[6.224s] INFO:colcon.colcon_core.shell:Creating package script '/home/darkknight/ros2_ws/src/install/my_1_pkg/share/my_1_pkg/package.bash'
[6.228s] INFO:colcon.colcon_core.shell:Creating package script '/home/darkknight/ros2_ws/src/install/my_1_pkg/share/my_1_pkg/package.zsh'
[6.231s] Level 1:colcon.colcon_core.environment:create_file_with_runtime_dependencies(/home/darkknight/ros2_ws/src/install/my_1_pkg/share/colcon-core/packages/my_1_pkg)
[11.231s] DEBUG:colcon.colcon_core.event_handler.log_command:Invoked command in '/home/darkknight/ros2_ws/src/build/my_2_pkgcpp' returned '0': CMAKE_PREFIX_PATH=${CMAKE_PREFIX_PATH}:/opt/ros/jazzy DEBUGINFOD_URLS=https://debuginfod.ubuntu.com /usr/bin/cmake --build /home/darkknight/ros2_ws/src/build/my_2_pkgcpp -- -j6 -l6
[11.260s] DEBUG:colcon.colcon_core.event_handler.log_command:Invoking command in '/home/darkknight/ros2_ws/src/build/my_2_pkgcpp': CMAKE_PREFIX_PATH=${CMAKE_PREFIX_PATH}:/opt/ros/jazzy DEBUGINFOD_URLS=https://debuginfod.ubuntu.com /usr/bin/cmake --install /home/darkknight/ros2_ws/src/build/my_2_pkgcpp
[11.320s] Level 1:colcon.colcon_core.environment:create_environment_scripts_only(my_2_pkgcpp)
[11.327s] Level 1:colcon.colcon_core.environment:checking '/home/darkknight/ros2_ws/src/install/my_2_pkgcpp' for CMake module files
[11.321s] DEBUG:colcon.colcon_core.event_handler.log_command:Invoked command in '/home/darkknight/ros2_ws/src/build/my_2_pkgcpp' returned '0': CMAKE_PREFIX_PATH=${CMAKE_PREFIX_PATH}:/opt/ros/jazzy DEBUGINFOD_URLS=https://debuginfod.ubuntu.com /usr/bin/cmake --install /home/darkknight/ros2_ws/src/build/my_2_pkgcpp
[11.335s] Level 1:colcon.colcon_core.environment:checking '/home/darkknight/ros2_ws/src/install/my_2_pkgcpp' for CMake config files
[11.343s] Level 1:colcon.colcon_core.shell:create_environment_hook('my_2_pkgcpp', 'cmake_prefix_path')
[11.346s] INFO:colcon.colcon_core.shell:Creating environment hook '/home/darkknight/ros2_ws/src/install/my_2_pkgcpp/share/my_2_pkgcpp/hook/cmake_prefix_path.ps1'
[11.346s] INFO:colcon.colcon_core.shell:Creating environment descriptor '/home/darkknight/ros2_ws/src/install/my_2_pkgcpp/share/my_2_pkgcpp/hook/cmake_prefix_path.dsv'
[11.350s] INFO:colcon.colcon_core.shell:Creating environment hook '/home/darkknight/ros2_ws/src/install/my_2_pkgcpp/share/my_2_pkgcpp/hook/cmake_prefix_path.sh'
[11.352s] Level 1:colcon.colcon_core.environment:checking '/home/darkknight/ros2_ws/src/install/my_2_pkgcpp/lib'
[11.353s] Level 1:colcon.colcon_core.environment:checking '/home/darkknight/ros2_ws/src/install/my_2_pkgcpp/bin'
[11.353s] Level 1:colcon.colcon_core.environment:checking '/home/darkknight/ros2_ws/src/install/my_2_pkgcpp/lib/pkgconfig/my_2_pkgcpp.pc'
[11.353s] Level 1:colcon.colcon_core.environment:checking '/home/darkknight/ros2_ws/src/install/my_2_pkgcpp/lib/python3.12/site-packages'
[11.354s] Level 1:colcon.colcon_core.environment:checking '/home/darkknight/ros2_ws/src/install/my_2_pkgcpp/bin'
[11.354s] INFO:colcon.colcon_core.shell:Creating package script '/home/darkknight/ros2_ws/src/install/my_2_pkgcpp/share/my_2_pkgcpp/package.ps1'
[11.358s] INFO:colcon.colcon_core.shell:Creating package descriptor '/home/darkknight/ros2_ws/src/install/my_2_pkgcpp/share/my_2_pkgcpp/package.dsv'
[11.371s] INFO:colcon.colcon_core.shell:Creating package script '/home/darkknight/ros2_ws/src/install/my_2_pkgcpp/share/my_2_pkgcpp/package.sh'
[11.372s] INFO:colcon.colcon_core.shell:Creating package script '/home/darkknight/ros2_ws/src/install/my_2_pkgcpp/share/my_2_pkgcpp/package.bash'
[11.376s] INFO:colcon.colcon_core.shell:Creating package script '/home/darkknight/ros2_ws/src/install/my_2_pkgcpp/share/my_2_pkgcpp/package.zsh'
[11.378s] Level 1:colcon.colcon_core.environment:create_file_with_runtime_dependencies(/home/darkknight/ros2_ws/src/install/my_2_pkgcpp/share/colcon-core/packages/my_2_pkgcpp)
[11.380s] Level 1:colcon.colcon_core.environment:create_environment_scripts_only(my_2_pkgcpp)
[11.380s] Level 1:colcon.colcon_core.environment:checking '/home/darkknight/ros2_ws/src/install/my_2_pkgcpp' for CMake module files
[11.381s] Level 1:colcon.colcon_core.environment:checking '/home/darkknight/ros2_ws/src/install/my_2_pkgcpp' for CMake config files
[11.381s] Level 1:colcon.colcon_core.shell:create_environment_hook('my_2_pkgcpp', 'cmake_prefix_path')
[11.381s] INFO:colcon.colcon_core.shell:Creating environment hook '/home/darkknight/ros2_ws/src/install/my_2_pkgcpp/share/my_2_pkgcpp/hook/cmake_prefix_path.ps1'
[11.383s] INFO:colcon.colcon_core.shell:Creating environment descriptor '/home/darkknight/ros2_ws/src/install/my_2_pkgcpp/share/my_2_pkgcpp/hook/cmake_prefix_path.dsv'
[11.388s] INFO:colcon.colcon_core.shell:Creating environment hook '/home/darkknight/ros2_ws/src/install/my_2_pkgcpp/share/my_2_pkgcpp/hook/cmake_prefix_path.sh'
[11.391s] Level 1:colcon.colcon_core.environment:checking '/home/darkknight/ros2_ws/src/install/my_2_pkgcpp/lib'
[11.393s] Level 1:colcon.colcon_core.environment:checking '/home/darkknight/ros2_ws/src/install/my_2_pkgcpp/bin'
[11.395s] Level 1:colcon.colcon_core.environment:checking '/home/darkknight/ros2_ws/src/install/my_2_pkgcpp/lib/pkgconfig/my_2_pkgcpp.pc'
[11.395s] Level 1:colcon.colcon_core.environment:checking '/home/darkknight/ros2_ws/src/install/my_2_pkgcpp/lib/python3.12/site-packages'
[11.397s] Level 1:colcon.colcon_core.environment:checking '/home/darkknight/ros2_ws/src/install/my_2_pkgcpp/bin'
[11.398s] INFO:colcon.colcon_core.shell:Creating package script '/home/darkknight/ros2_ws/src/install/my_2_pkgcpp/share/my_2_pkgcpp/package.ps1'
[11.403s] INFO:colcon.colcon_core.shell:Creating package descriptor '/home/darkknight/ros2_ws/src/install/my_2_pkgcpp/share/my_2_pkgcpp/package.dsv'
[11.405s] INFO:colcon.colcon_core.shell:Creating package script '/home/darkknight/ros2_ws/src/install/my_2_pkgcpp/share/my_2_pkgcpp/package.sh'
[11.408s] INFO:colcon.colcon_core.shell:Creating package script '/home/darkknight/ros2_ws/src/install/my_2_pkgcpp/share/my_2_pkgcpp/package.bash'
[11.409s] INFO:colcon.colcon_core.shell:Creating package script '/home/darkknight/ros2_ws/src/install/my_2_pkgcpp/share/my_2_pkgcpp/package.zsh'
[11.410s] Level 1:colcon.colcon_core.environment:create_file_with_runtime_dependencies(/home/darkknight/ros2_ws/src/install/my_2_pkgcpp/share/colcon-core/packages/my_2_pkgcpp)
[11.411s] DEBUG:colcon.colcon_parallel_executor.executor.parallel:closing loop
[11.411s] DEBUG:colcon.colcon_parallel_executor.executor.parallel:loop closed
[11.411s] DEBUG:colcon.colcon_parallel_executor.executor.parallel:run_until_complete finished with '0'
[11.412s] DEBUG:colcon.colcon_core.event_reactor:joining thread
[11.444s] INFO:colcon.colcon_core.plugin_system:Skipping extension 'colcon_notification.desktop_notification.terminal_notifier': Not used on non-Darwin systems
[11.445s] INFO:colcon.colcon_core.plugin_system:Skipping extension 'colcon_notification.desktop_notification.win32': Not used on non-Windows systems
[11.445s] INFO:colcon.colcon_notification.desktop_notification:Sending desktop notification using 'notify2'
[11.483s] DEBUG:colcon.colcon_core.event_reactor:joined thread
[11.484s] INFO:colcon.colcon_core.shell:Creating prefix script '/home/darkknight/ros2_ws/src/install/local_setup.ps1'
[11.523s] INFO:colcon.colcon_core.shell:Creating prefix util module '/home/darkknight/ros2_ws/src/install/_local_setup_util_ps1.py'
[11.527s] INFO:colcon.colcon_core.shell:Creating prefix chain script '/home/darkknight/ros2_ws/src/install/setup.ps1'
[11.531s] INFO:colcon.colcon_core.shell:Creating prefix script '/home/darkknight/ros2_ws/src/install/local_setup.sh'
[11.533s] INFO:colcon.colcon_core.shell:Creating prefix util module '/home/darkknight/ros2_ws/src/install/_local_setup_util_sh.py'
[11.536s] INFO:colcon.colcon_core.shell:Creating prefix chain script '/home/darkknight/ros2_ws/src/install/setup.sh'
[11.540s] INFO:colcon.colcon_core.shell:Creating prefix script '/home/darkknight/ros2_ws/src/install/local_setup.bash'
[11.542s] INFO:colcon.colcon_core.shell:Creating prefix chain script '/home/darkknight/ros2_ws/src/install/setup.bash'
[11.546s] INFO:colcon.colcon_core.shell:Creating prefix script '/home/darkknight/ros2_ws/src/install/local_setup.zsh'
[11.548s] INFO:colcon.colcon_core.shell:Creating prefix chain script '/home/darkknight/ros2_ws/src/install/setup.zsh'
