[0.228s] Invoking command in '/home/darkknight/ros2_ws/build/my_2_pkgcpp': CMAKE_PREFIX_PATH=${CMAKE_PREFIX_PATH}:/home/darkknight/ros2_ws/src/install/my_1_pkg:/opt/ros/jazzy DEBUGINFOD_URLS=https://debuginfod.ubuntu.com /usr/bin/cmake /home/darkknight/ros2_ws/src/my_2_pkgcpp -DCMAKE_INSTALL_PREFIX=/home/darkknight/ros2_ws/install/my_2_pkgcpp
[0.296s] -- The C compiler identification is GNU 13.3.0
[0.361s] -- The CXX compiler identification is GNU 13.3.0
[0.384s] -- Detecting C compiler ABI info
[0.505s] -- Detecting C compiler ABI info - done
[0.512s] -- Check for working C compiler: /usr/bin/cc - skipped
[0.514s] -- Detecting C compile features
[0.514s] -- Detecting C compile features - done
[0.526s] -- Detecting CXX compiler ABI info
[0.649s] -- Detecting CXX compiler ABI info - done
[0.653s] -- Check for working CXX compiler: /usr/bin/c++ - skipped
[0.653s] -- Detecting CXX compile features
[0.654s] -- Detecting CXX compile features - done
[0.656s] -- Found ament_cmake: 2.5.4 (/opt/ros/jazzy/share/ament_cmake/cmake)
[0.820s] -- Found Python3: /usr/bin/python3 (found version "3.12.3") found components: Interpreter 
[0.956s] -- Found rclcpp: 28.1.12 (/opt/ros/jazzy/share/rclcpp/cmake)
[0.993s] -- Found rosidl_generator_c: 4.6.6 (/opt/ros/jazzy/share/rosidl_generator_c/cmake)
[1.005s] -- Found rosidl_generator_cpp: 4.6.6 (/opt/ros/jazzy/share/rosidl_generator_cpp/cmake)
[1.025s] -- Using all available rosidl_typesupport_c: rosidl_typesupport_fastrtps_c;rosidl_typesupport_introspection_c
[1.040s] -- Using all available rosidl_typesupport_cpp: rosidl_typesupport_fastrtps_cpp;rosidl_typesupport_introspection_cpp
[1.111s] -- Found rmw_implementation_cmake: 7.3.2 (/opt/ros/jazzy/share/rmw_implementation_cmake/cmake)
[1.118s] -- Found rmw_fastrtps_cpp: 8.4.3 (/opt/ros/jazzy/share/rmw_fastrtps_cpp/cmake)
[1.240s] -- Found OpenSSL: /usr/lib/x86_64-linux-gnu/libcrypto.so (found version "3.0.13")  
[1.263s] -- Found FastRTPS: /opt/ros/jazzy/include (Required is at least version "2.13") 
[1.290s] -- Using RMW implementation 'rmw_fastrtps_cpp' as default
[1.443s] -- Configuring done (1.2s)
[1.452s] -- Generating done (0.0s)
[1.455s] -- Build files have been written to: /home/darkknight/ros2_ws/build/my_2_pkgcpp
[1.473s] Invoked command in '/home/darkknight/ros2_ws/build/my_2_pkgcpp' returned '0': CMAKE_PREFIX_PATH=${CMAKE_PREFIX_PATH}:/home/darkknight/ros2_ws/src/install/my_1_pkg:/opt/ros/jazzy DEBUGINFOD_URLS=https://debuginfod.ubuntu.com /usr/bin/cmake /home/darkknight/ros2_ws/src/my_2_pkgcpp -DCMAKE_INSTALL_PREFIX=/home/darkknight/ros2_ws/install/my_2_pkgcpp
[1.475s] Invoking command in '/home/darkknight/ros2_ws/build/my_2_pkgcpp': CMAKE_PREFIX_PATH=${CMAKE_PREFIX_PATH}:/home/darkknight/ros2_ws/src/install/my_1_pkg:/opt/ros/jazzy DEBUGINFOD_URLS=https://debuginfod.ubuntu.com /usr/bin/cmake --build /home/darkknight/ros2_ws/build/my_2_pkgcpp -- -j6 -l6
[1.550s] [ 50%] [32mBuilding CXX object CMakeFiles/cpp_node.dir/src/CppNode.cpp.o[0m
[3.914s] [100%] [32m[1mLinking CXX executable cpp_node[0m
[4.040s] [100%] Built target cpp_node
[4.053s] Invoked command in '/home/darkknight/ros2_ws/build/my_2_pkgcpp' returned '0': CMAKE_PREFIX_PATH=${CMAKE_PREFIX_PATH}:/home/darkknight/ros2_ws/src/install/my_1_pkg:/opt/ros/jazzy DEBUGINFOD_URLS=https://debuginfod.ubuntu.com /usr/bin/cmake --build /home/darkknight/ros2_ws/build/my_2_pkgcpp -- -j6 -l6
[4.065s] Invoking command in '/home/darkknight/ros2_ws/build/my_2_pkgcpp': CMAKE_PREFIX_PATH=${CMAKE_PREFIX_PATH}:/home/darkknight/ros2_ws/src/install/my_1_pkg:/opt/ros/jazzy DEBUGINFOD_URLS=https://debuginfod.ubuntu.com /usr/bin/cmake --install /home/darkknight/ros2_ws/build/my_2_pkgcpp
[4.074s] -- Install configuration: ""
[4.074s] -- Installing: /home/darkknight/ros2_ws/install/my_2_pkgcpp/lib/my_2_pkgcpp/cpp_node
[4.075s] -- Set non-toolchain portion of runtime path of "/home/darkknight/ros2_ws/install/my_2_pkgcpp/lib/my_2_pkgcpp/cpp_node" to ""
[4.075s] -- Installing: /home/darkknight/ros2_ws/install/my_2_pkgcpp/share/ament_index/resource_index/package_run_dependencies/my_2_pkgcpp
[4.075s] -- Installing: /home/darkknight/ros2_ws/install/my_2_pkgcpp/share/ament_index/resource_index/parent_prefix_path/my_2_pkgcpp
[4.076s] -- Installing: /home/darkknight/ros2_ws/install/my_2_pkgcpp/share/my_2_pkgcpp/environment/ament_prefix_path.sh
[4.076s] -- Installing: /home/darkknight/ros2_ws/install/my_2_pkgcpp/share/my_2_pkgcpp/environment/ament_prefix_path.dsv
[4.076s] -- Installing: /home/darkknight/ros2_ws/install/my_2_pkgcpp/share/my_2_pkgcpp/environment/path.sh
[4.076s] -- Installing: /home/darkknight/ros2_ws/install/my_2_pkgcpp/share/my_2_pkgcpp/environment/path.dsv
[4.076s] -- Installing: /home/darkknight/ros2_ws/install/my_2_pkgcpp/share/my_2_pkgcpp/local_setup.bash
[4.077s] -- Installing: /home/darkknight/ros2_ws/install/my_2_pkgcpp/share/my_2_pkgcpp/local_setup.sh
[4.077s] -- Installing: /home/darkknight/ros2_ws/install/my_2_pkgcpp/share/my_2_pkgcpp/local_setup.zsh
[4.077s] -- Installing: /home/darkknight/ros2_ws/install/my_2_pkgcpp/share/my_2_pkgcpp/local_setup.dsv
[4.078s] -- Installing: /home/darkknight/ros2_ws/install/my_2_pkgcpp/share/my_2_pkgcpp/package.dsv
[4.078s] -- Installing: /home/darkknight/ros2_ws/install/my_2_pkgcpp/share/ament_index/resource_index/packages/my_2_pkgcpp
[4.078s] -- Installing: /home/darkknight/ros2_ws/install/my_2_pkgcpp/share/my_2_pkgcpp/cmake/my_2_pkgcppConfig.cmake
[4.078s] -- Installing: /home/darkknight/ros2_ws/install/my_2_pkgcpp/share/my_2_pkgcpp/cmake/my_2_pkgcppConfig-version.cmake
[4.078s] -- Installing: /home/darkknight/ros2_ws/install/my_2_pkgcpp/share/my_2_pkgcpp/package.xml
[4.082s] Invoked command in '/home/darkknight/ros2_ws/build/my_2_pkgcpp' returned '0': CMAKE_PREFIX_PATH=${CMAKE_PREFIX_PATH}:/home/darkknight/ros2_ws/src/install/my_1_pkg:/opt/ros/jazzy DEBUGINFOD_URLS=https://debuginfod.ubuntu.com /usr/bin/cmake --install /home/darkknight/ros2_ws/build/my_2_pkgcpp
